\BOOKMARK [1][-]{section.0.1}{Blue Crystal 4}{}% 1
\BOOKMARK [1][-]{section.0.2}{C++ libraries/APIs}{}% 2
\BOOKMARK [1][-]{section.0.3}{Intel VTune}{}% 3
\BOOKMARK [1][-]{section.0.4}{Miscellaneous Tools}{}% 4
\BOOKMARK [0][-]{chapter.1}{Contextual Background}{}% 5
\BOOKMARK [0][-]{chapter.2}{The Boson Sampling Algorithm}{}% 6
\BOOKMARK [1][-]{section.2.1}{Mathematical Preliminaries}{chapter.2}% 7
\BOOKMARK [1][-]{section.2.2}{The naive algorithm}{chapter.2}% 8
\BOOKMARK [1][-]{section.2.3}{Algorithm A}{chapter.2}% 9
\BOOKMARK [1][-]{section.2.4}{Algorithm B}{chapter.2}% 10
\BOOKMARK [0][-]{chapter.3}{Algorithm Implementation}{}% 11
\BOOKMARK [1][-]{section.3.1}{Original R Implementation}{chapter.3}% 12
\BOOKMARK [1][-]{section.3.2}{Implementation in C++}{chapter.3}% 13
\BOOKMARK [1][-]{section.3.3}{Running the code}{chapter.3}% 14
\BOOKMARK [1][-]{section.3.4}{Profiling the code}{chapter.3}% 15
\BOOKMARK [1][-]{section.3.5}{Parallelising the code}{chapter.3}% 16
\BOOKMARK [1][-]{section.3.6}{Other Optimisations}{chapter.3}% 17
\BOOKMARK [0][-]{chapter.4}{Critical Evaluation}{}% 18
\BOOKMARK [1][-]{section.4.1}{Initial implementation}{chapter.4}% 19
\BOOKMARK [1][-]{section.4.2}{Testing the different compiler options/flags}{chapter.4}% 20
\BOOKMARK [1][-]{section.4.3}{Multiple threads}{chapter.4}% 21
\BOOKMARK [1][-]{section.4.4}{Final result}{chapter.4}% 22
\BOOKMARK [0][-]{chapter.5}{Conclusion}{}% 23
\BOOKMARK [1][-]{section.5.1}{Achievements}{chapter.5}% 24
\BOOKMARK [1][-]{section.5.2}{Future Works}{chapter.5}% 25
\BOOKMARK [0][-]{appendix.A}{Appendix A}{}% 26
