This is pdfTeX, Version 3.14159265-2.6-1.40.20 (MiKTeX 2.9.7000) (preloaded format=pdflatex 2019.5.8)  9 MAY 2019 03:47
entering extended mode
**./dissertation.tex
(dissertation.tex
LaTeX2e <2018-12-01>
dissertation.tex:36: Undefined control sequence
The control sequence at the end of the top line
of your error message was never \def'ed. If you have
misspelled it (e.g., `\hobx'), type `I' and the correct
spelling (e.g., `I\hbox'). Otherwise just continue,
and I'll forget about whatever was undefined.

dissertation.tex:36: Undefined control sequence
The control sequence at the end of the top line
of your error message was never \def'ed. If you have
misspelled it (e.g., `\hobx'), type `I' and the correct
spelling (e.g., `I\hbox'). Otherwise just continue,
and I'll forget about whatever was undefined.

(dissertation.cls
Document Class: dissertation 2012/05/04, Daniel Page <Daniel.Page@bristol.ac.uk
>

("/Users/mananvaswani/Library/Application Support/MiKTeX/texmfs/install/tex/lat
ex/pgf/utilities/pgfkeys.sty"
("/Users/mananvaswani/Library/Application Support/MiKTeX/texmfs/install/tex/gen
eric/pgf/utilities/pgfkeys.code.tex"
\pgfkeys@pathtoks=\toks14
\pgfkeys@temptoks=\toks15

("/Users/mananvaswani/Library/Application Support/MiKTeX/texmfs/install/tex/gen
eric/pgf/utilities/pgfkeysfiltered.code.tex"
\pgfkeys@tmptoks=\toks16
)))
("/Users/mananvaswani/Library/Application Support/MiKTeX/texmfs/install/tex/lat
ex/pgfopts/pgfopts.sty"
Package: pgfopts 2014/07/10 v2.1a LaTeX package options with pgfkeys
\pgfopts@list@add@a@toks=\toks17
\pgfopts@list@add@b@toks=\toks18
)
("/Users/mananvaswani/Library/Application Support/MiKTeX/texmfs/install/tex/lat
ex/base/book.cls"
Document Class: book 2018/09/03 v1.4i Standard LaTeX document class

("/Users/mananvaswani/Library/Application Support/MiKTeX/texmfs/install/tex/lat
ex/base/bk10.clo"
File: bk10.clo 2018/09/03 v1.4i Standard LaTeX file (size option)
)
\c@part=\count80
\c@chapter=\count81
\c@section=\count82
\c@subsection=\count83
\c@subsubsection=\count84
\c@paragraph=\count85
\c@subparagraph=\count86
\c@figure=\count87
\c@table=\count88
\abovecaptionskip=\skip41
\belowcaptionskip=\skip42
\bibindent=\dimen102
)
("/Users/mananvaswani/Library/Application Support/MiKTeX/texmfs/install/tex/lat
ex/graphics/graphicx.sty"
Package: graphicx 2017/06/01 v1.1a Enhanced LaTeX Graphics (DPC,SPQR)

("/Users/mananvaswani/Library/Application Support/MiKTeX/texmfs/install/tex/lat
ex/graphics/keyval.sty"
Package: keyval 2014/10/28 v1.15 key=value parser (DPC)
\KV@toks@=\toks19
)
("/Users/mananvaswani/Library/Application Support/MiKTeX/texmfs/install/tex/lat
ex/graphics/graphics.sty"
Package: graphics 2017/06/25 v1.2c Standard LaTeX Graphics (DPC,SPQR)

("/Users/mananvaswani/Library/Application Support/MiKTeX/texmfs/install/tex/lat
ex/graphics/trig.sty"
Package: trig 2016/01/03 v1.10 sin cos tan (DPC)
)
("/Users/mananvaswani/Library/Application Support/MiKTeX/texmfs/install/tex/lat
ex/graphics-cfg/graphics.cfg"
File: graphics.cfg 2016/06/04 v1.11 sample graphics configuration
)
Package graphics Info: Driver file: pdftex.def on input line 99.

("/Users/mananvaswani/Library/Application Support/MiKTeX/texmfs/install/tex/lat
ex/graphics-def/pdftex.def"
File: pdftex.def 2018/01/08 v1.0l Graphics/color driver for pdftex
))
\Gin@req@height=\dimen103
\Gin@req@width=\dimen104
)
("/Users/mananvaswani/Library/Application Support/MiKTeX/texmfs/install/tex/lat
ex/amsmath/amsmath.sty"
Package: amsmath 2018/12/01 v2.17b AMS math features
\@mathmargin=\skip43

For additional information on amsmath, use the `?' option.

("/Users/mananvaswani/Library/Application Support/MiKTeX/texmfs/install/tex/lat
ex/amsmath/amstext.sty"
Package: amstext 2000/06/29 v2.01 AMS text

("/Users/mananvaswani/Library/Application Support/MiKTeX/texmfs/install/tex/lat
ex/amsmath/amsgen.sty"
File: amsgen.sty 1999/11/30 v2.0 generic functions
\@emptytoks=\toks20
\ex@=\dimen105
))
("/Users/mananvaswani/Library/Application Support/MiKTeX/texmfs/install/tex/lat
ex/amsmath/amsbsy.sty"
Package: amsbsy 1999/11/29 v1.2d Bold Symbols
\pmbraise@=\dimen106
)
("/Users/mananvaswani/Library/Application Support/MiKTeX/texmfs/install/tex/lat
ex/amsmath/amsopn.sty"
Package: amsopn 2016/03/08 v2.02 operator names
)
\inf@bad=\count89
LaTeX Info: Redefining \frac on input line 223.
\uproot@=\count90
\leftroot@=\count91
LaTeX Info: Redefining \overline on input line 385.
\classnum@=\count92
\DOTSCASE@=\count93
LaTeX Info: Redefining \ldots on input line 482.
LaTeX Info: Redefining \dots on input line 485.
LaTeX Info: Redefining \cdots on input line 606.
\Mathstrutbox@=\box27
\strutbox@=\box28
\big@size=\dimen107
LaTeX Font Info:    Redeclaring font encoding OML on input line 729.
LaTeX Font Info:    Redeclaring font encoding OMS on input line 730.
\macc@depth=\count94
\c@MaxMatrixCols=\count95
\dotsspace@=\muskip10
\c@parentequation=\count96
\dspbrk@lvl=\count97
\tag@help=\toks21
\row@=\count98
\column@=\count99
\maxfields@=\count100
\andhelp@=\toks22
\eqnshift@=\dimen108
\alignsep@=\dimen109
\tagshift@=\dimen110
\tagwidth@=\dimen111
\totwidth@=\dimen112
\lineht@=\dimen113
\@envbody=\toks23
\multlinegap=\skip44
\multlinetaggap=\skip45
\mathdisplay@stack=\toks24
LaTeX Info: Redefining \[ on input line 2844.
LaTeX Info: Redefining \] on input line 2845.
)
("/Users/mananvaswani/Library/Application Support/MiKTeX/texmfs/install/tex/lat
ex/amsfonts/amssymb.sty"
Package: amssymb 2013/01/14 v3.01 AMS font symbols

("/Users/mananvaswani/Library/Application Support/MiKTeX/texmfs/install/tex/lat
ex/amsfonts/amsfonts.sty"
Package: amsfonts 2013/01/14 v3.01 Basic AMSFonts support
\symAMSa=\mathgroup4
\symAMSb=\mathgroup5
LaTeX Font Info:    Overwriting math alphabet `\mathfrak' in version `bold'
(Font)                  U/euf/m/n --> U/euf/b/n on input line 106.
))
("/Users/mananvaswani/Library/Application Support/MiKTeX/texmfs/install/tex/lat
ex/adjustbox/adjustbox.sty"
Package: adjustbox 2019/01/04 v1.2 Adjusting TeX boxes (trim, clip, ...)

("/Users/mananvaswani/Library/Application Support/MiKTeX/texmfs/install/tex/lat
ex/xkeyval/xkeyval.sty"
Package: xkeyval 2014/12/03 v2.7a package option processing (HA)

("/Users/mananvaswani/Library/Application Support/MiKTeX/texmfs/install/tex/gen
eric/xkeyval/xkeyval.tex"
("/Users/mananvaswani/Library/Application Support/MiKTeX/texmfs/install/tex/gen
eric/xkeyval/xkvutils.tex"
\XKV@toks=\toks25
\XKV@tempa@toks=\toks26
)
\XKV@depth=\count101
File: xkeyval.tex 2014/12/03 v2.7a key=value parser (HA)
))
("/Users/mananvaswani/Library/Application Support/MiKTeX/texmfs/install/tex/lat
ex/adjustbox/adjcalc.sty"
Package: adjcalc 2012/05/16 v1.1 Provides advanced setlength with multiple back
-ends (calc, etex, pgfmath)
)
("/Users/mananvaswani/Library/Application Support/MiKTeX/texmfs/install/tex/lat
ex/adjustbox/trimclip.sty"
Package: trimclip 2018/04/08 v1.1 Trim and clip general TeX material

("/Users/mananvaswani/Library/Application Support/MiKTeX/texmfs/install/tex/lat
ex/collectbox/collectbox.sty"
Package: collectbox 2012/05/17 v0.4b Collect macro arguments as boxes
\collectedbox=\box29
)
\tc@llx=\dimen114
\tc@lly=\dimen115
\tc@urx=\dimen116
\tc@ury=\dimen117
Package trimclip Info: Using driver 'tc-pdftex.def'.

("/Users/mananvaswani/Library/Application Support/MiKTeX/texmfs/install/tex/lat
ex/adjustbox/tc-pdftex.def"
File: tc-pdftex.def 2019/01/04 v2.2 Clipping driver for pdftex
))
\adjbox@Width=\dimen118
\adjbox@Height=\dimen119
\adjbox@Depth=\dimen120
\adjbox@Totalheight=\dimen121
\adjbox@pwidth=\dimen122
\adjbox@pheight=\dimen123
\adjbox@pdepth=\dimen124
\adjbox@ptotalheight=\dimen125

("/Users/mananvaswani/Library/Application Support/MiKTeX/texmfs/install/tex/lat
ex/ifoddpage/ifoddpage.sty"
Package: ifoddpage 2016/04/23 v1.1 Conditionals for odd/even page detection
\c@checkoddpage=\count102
)
("/Users/mananvaswani/Library/Application Support/MiKTeX/texmfs/install/tex/lat
ex/varwidth/varwidth.sty"
Package: varwidth 2009/03/30 ver 0.92;  Variable-width minipages
\@vwid@box=\box30
\sift@deathcycles=\count103
\@vwid@loff=\dimen126
\@vwid@roff=\dimen127
))
("/Users/mananvaswani/Library/Application Support/MiKTeX/texmfs/install/tex/lat
ex/etoolbox/etoolbox.sty"
Package: etoolbox 2018/08/19 v2.5f e-TeX tools for LaTeX (JAW)
\etb@tempcnta=\count104
)
("/Users/mananvaswani/Library/Application Support/MiKTeX/texmfs/install/tex/lat
ex/fancyhdr/fancyhdr.sty"
Package: fancyhdr 2019/01/31 v3.10 Extensive control of page headers and footer
s
\f@nch@headwidth=\skip46
\f@nch@O@elh=\skip47
\f@nch@O@erh=\skip48
\f@nch@O@olh=\skip49
\f@nch@O@orh=\skip50
\f@nch@O@elf=\skip51
\f@nch@O@erf=\skip52
\f@nch@O@olf=\skip53
\f@nch@O@orf=\skip54
)
("/Users/mananvaswani/Library/Application Support/MiKTeX/texmfs/install/tex/lat
ex/geometry/geometry.sty"
Package: geometry 2018/04/16 v5.8 Page Geometry

("/Users/mananvaswani/Library/Application Support/MiKTeX/texmfs/install/tex/gen
eric/oberdiek/ifpdf.sty"
Package: ifpdf 2018/09/07 v3.3 Provides the ifpdf switch
)
("/Users/mananvaswani/Library/Application Support/MiKTeX/texmfs/install/tex/gen
eric/oberdiek/ifvtex.sty"
Package: ifvtex 2016/05/16 v1.6 Detect VTeX and its facilities (HO)
Package ifvtex Info: VTeX not detected.
)
("/Users/mananvaswani/Library/Application Support/MiKTeX/texmfs/install/tex/gen
eric/ifxetex/ifxetex.sty"
Package: ifxetex 2010/09/12 v0.6 Provides ifxetex conditional
)
\Gm@cnth=\count105
\Gm@cntv=\count106
\c@Gm@tempcnt=\count107
\Gm@bindingoffset=\dimen128
\Gm@wd@mp=\dimen129
\Gm@odd@mp=\dimen130
\Gm@even@mp=\dimen131
\Gm@layoutwidth=\dimen132
\Gm@layoutheight=\dimen133
\Gm@layouthoffset=\dimen134
\Gm@layoutvoffset=\dimen135
\Gm@dimlist=\toks27

("/Users/mananvaswani/Library/Application Support/MiKTeX/texmfs/install/tex/lat
ex/geometry/geometry.cfg"))
("/Users/mananvaswani/Library/Application Support/MiKTeX/texmfs/install/tex/lat
ex/datetime/datetime.sty"
Package: datetime 2015/03/20 v2.60 Date Time Package

("/Users/mananvaswani/Library/Application Support/MiKTeX/texmfs/install/tex/lat
ex/fmtcount/fmtcount.sty"
Package: fmtcount 2017/12/24 v3.05

("/Users/mananvaswani/Library/Application Support/MiKTeX/texmfs/install/tex/lat
ex/base/ifthen.sty"
Package: ifthen 2014/09/29 v1.1c Standard LaTeX ifthen package (DPC)
)
("/Users/mananvaswani/Library/Application Support/MiKTeX/texmfs/install/tex/lat
ex/fmtcount/fcprefix.sty"
Package: fcprefix 2012/09/28

("/Users/mananvaswani/Library/Application Support/MiKTeX/texmfs/install/tex/lat
ex/fmtcount/fcnumparser.sty"
Package: fcnumparser 2017/06/15
\fc@digit@counter=\count108
))
\c@padzeroesN=\count109
\fc@tmpcatcode=\count110
\@DT@modctr=\count111
\@ordinalctr=\count112
\@orgargctr=\count113
\@strctr=\count114
\@tmpstrctr=\count115
\@DT@loopN=\count116
\@DT@X=\count117
)
("/Users/mananvaswani/Library/Application Support/MiKTeX/texmfs/install/tex/lat
ex/datetime/datetime-defaults.sty"
Package: datetime-defaults 2013/09/10
)
\@day=\count118
\@month=\count119
\@year=\count120
\c@HOUR=\count121
\c@HOURXII=\count122
\c@MINUTE=\count123
\c@TOHOUR=\count124
\c@TOMINUTE=\count125
\c@SECOND=\count126
\currenthour=\count127
\currentminute=\count128
\currentsecond=\count129
Package datetime Info: No datetime.cfg file found, using default settings on in
put line 308.
\@dtctr=\count130
\dayofyear=\count131
\dayofweek=\count132
LaTeX Info: Redefining \today on input line 736.
\dt@a=\toks28
\dt@b=\toks29
)
("/Users/mananvaswani/Library/Application Support/MiKTeX/texmfs/install/tex/lat
ex/algorithm2e/algorithm2e.sty"
Package: algorithm2e 2017/07/18 v5.2 algorithms environments
\c@AlgoLine=\count133
\algocf@hangindent=\skip55

("/Users/mananvaswani/Library/Application Support/MiKTeX/texmfs/install/tex/lat
ex/tools/xspace.sty"
Package: xspace 2014/10/28 v1.13 Space after command names (DPC,MH)
)
("/Users/mananvaswani/Library/Application Support/MiKTeX/texmfs/install/tex/lat
ex/relsize/relsize.sty"
Package: relsize 2013/03/29 ver 4.1
)
\skiptotal=\skip56
\skiplinenumber=\skip57
\skiprule=\skip58
\skiphlne=\skip59
\skiptext=\skip60
\skiplength=\skip61
\algomargin=\skip62
\skipalgocfslide=\skip63
\algowidth=\dimen136
\inoutsize=\dimen137
\inoutindent=\dimen138
\interspacetitleruled=\dimen139
\interspacealgoruled=\dimen140
\interspacetitleboxruled=\dimen141
\algocf@ruledwidth=\skip64
\algocf@inoutbox=\box31
\algocf@inputbox=\box32
\AlCapSkip=\skip65
\AlCapHSkip=\skip66
\algoskipindent=\skip67
\algocf@nlbox=\box33
\algocf@hangingbox=\box34
\algocf@untilbox=\box35
\algocf@skipuntil=\skip68
\algocf@capbox=\box36
\algocf@lcaptionbox=\skip69
\algoheightruledefault=\skip70
\algoheightrule=\skip71
\algotitleheightruledefault=\skip72
\algotitleheightrule=\skip73
\c@algocfline=\count134
\c@algocfproc=\count135
\c@algocf=\count136
\algocf@algoframe=\box37
\algocf@algobox=\box38
)
("/Users/mananvaswani/Library/Application Support/MiKTeX/texmfs/install/tex/lat
ex/listings/listings.sty"
\lst@mode=\count137
\lst@gtempboxa=\box39
\lst@token=\toks30
\lst@length=\count138
\lst@currlwidth=\dimen142
\lst@column=\count139
\lst@pos=\count140
\lst@lostspace=\dimen143
\lst@width=\dimen144
\lst@newlines=\count141
\lst@lineno=\count142
\lst@maxwidth=\dimen145

("/Users/mananvaswani/Library/Application Support/MiKTeX/texmfs/install/tex/lat
ex/listings/lstmisc.sty"
File: lstmisc.sty 2019/02/27 1.8b (Carsten Heinz)
\c@lstnumber=\count143
\lst@skipnumbers=\count144
\lst@framebox=\box40
)
("/Users/mananvaswani/Library/Application Support/MiKTeX/texmfs/install/tex/lat
ex/listings/listings.cfg"
File: listings.cfg 2019/02/27 1.8b listings configuration
))
Package: listings 2019/02/27 1.8b (Carsten Heinz)

("/Users/mananvaswani/Library/Application Support/MiKTeX/texmfs/install/tex/lat
ex/xstring/xstring.sty"
("/Users/mananvaswani/Library/Application Support/MiKTeX/texmfs/install/tex/gen
eric/xstring/xstring.tex"
\integerpart=\count145
\decimalpart=\count146
)
Package: xstring 2019/02/06 v1.83 String manipulations (CT)
)
("/Users/mananvaswani/Library/Application Support/MiKTeX/texmfs/install/tex/lat
ex/url/url.sty"
\Urlmuskip=\muskip11
Package: url 2013/09/16  ver 3.4  Verb mode for urls, etc.
)
("/Users/mananvaswani/Library/Application Support/MiKTeX/texmfs/install/tex/lat
ex/hyperref/hyperref.sty"
Package: hyperref 2018/11/30 v6.88e Hypertext links for LaTeX

("/Users/mananvaswani/Library/Application Support/MiKTeX/texmfs/install/tex/gen
eric/oberdiek/hobsub-hyperref.sty"
Package: hobsub-hyperref 2016/05/16 v1.14 Bundle oberdiek, subset hyperref (HO)


("/Users/mananvaswani/Library/Application Support/MiKTeX/texmfs/install/tex/gen
eric/oberdiek/hobsub-generic.sty"
Package: hobsub-generic 2016/05/16 v1.14 Bundle oberdiek, subset generic (HO)
Package: hobsub 2016/05/16 v1.14 Construct package bundles (HO)
Package: infwarerr 2016/05/16 v1.4 Providing info/warning/error messages (HO)
Package: ltxcmds 2016/05/16 v1.23 LaTeX kernel commands for general use (HO)
Package: ifluatex 2016/05/16 v1.4 Provides the ifluatex switch (HO)
Package ifluatex Info: LuaTeX not detected.
Package hobsub Info: Skipping package `ifvtex' (already loaded).
Package: intcalc 2016/05/16 v1.2 Expandable calculations with integers (HO)
Package hobsub Info: Skipping package `ifpdf' (already loaded).
Package: etexcmds 2016/05/16 v1.6 Avoid name clashes with e-TeX commands (HO)
Package: kvsetkeys 2016/05/16 v1.17 Key value parser (HO)
Package: kvdefinekeys 2016/05/16 v1.4 Define keys (HO)
Package: pdftexcmds 2018/09/10 v0.29 Utility functions of pdfTeX for LuaTeX (HO
)
Package pdftexcmds Info: LuaTeX not detected.
Package pdftexcmds Info: \pdf@primitive is available.
Package pdftexcmds Info: \pdf@ifprimitive is available.
Package pdftexcmds Info: \pdfdraftmode found.
Package: pdfescape 2016/05/16 v1.14 Implements pdfTeX's escape features (HO)
Package: bigintcalc 2016/05/16 v1.4 Expandable calculations on big integers (HO
)
Package: bitset 2016/05/16 v1.2 Handle bit-vector datatype (HO)
Package: uniquecounter 2016/05/16 v1.3 Provide unlimited unique counter (HO)
)
Package hobsub Info: Skipping package `hobsub' (already loaded).
Package: letltxmacro 2016/05/16 v1.5 Let assignment for LaTeX macros (HO)
Package: hopatch 2016/05/16 v1.3 Wrapper for package hooks (HO)
Package: xcolor-patch 2016/05/16 xcolor patch
Package: atveryend 2016/05/16 v1.9 Hooks at the very end of document (HO)
Package: atbegshi 2016/06/09 v1.18 At begin shipout hook (HO)
Package: refcount 2016/05/16 v3.5 Data extraction from label references (HO)
Package: hycolor 2016/05/16 v1.8 Color options for hyperref/bookmark (HO)
)
("/Users/mananvaswani/Library/Application Support/MiKTeX/texmfs/install/tex/lat
ex/oberdiek/auxhook.sty"
Package: auxhook 2016/05/16 v1.4 Hooks for auxiliary files (HO)
)
("/Users/mananvaswani/Library/Application Support/MiKTeX/texmfs/install/tex/lat
ex/oberdiek/kvoptions.sty"
Package: kvoptions 2016/05/16 v3.12 Key value format for package options (HO)
)
\@linkdim=\dimen146
\Hy@linkcounter=\count147
\Hy@pagecounter=\count148

("/Users/mananvaswani/Library/Application Support/MiKTeX/texmfs/install/tex/lat
ex/hyperref/pd1enc.def"
File: pd1enc.def 2018/11/30 v6.88e Hyperref: PDFDocEncoding definition (HO)
Now handling font encoding PD1 ...
... no UTF-8 mapping file for font encoding PD1
)
\Hy@SavedSpaceFactor=\count149

("/Users/mananvaswani/Library/Application Support/MiKTeX/texmfs/install/tex/lat
ex/00miktex/hyperref.cfg"
File: hyperref.cfg 2002/06/06 v1.2 hyperref configuration of TeXLive
)
Package hyperref Info: Hyper figures OFF on input line 4519.
Package hyperref Info: Link nesting OFF on input line 4524.
Package hyperref Info: Hyper index ON on input line 4527.
Package hyperref Info: Plain pages OFF on input line 4534.
Package hyperref Info: Backreferencing OFF on input line 4539.
Package hyperref Info: Implicit mode ON; LaTeX internals redefined.
Package hyperref Info: Bookmarks ON on input line 4772.
\c@Hy@tempcnt=\count150
LaTeX Info: Redefining \url on input line 5125.
\XeTeXLinkMargin=\dimen147
\Fld@menulength=\count151
\Field@Width=\dimen148
\Fld@charsize=\dimen149
Package hyperref Info: Hyper figures OFF on input line 6380.
Package hyperref Info: Link nesting OFF on input line 6385.
Package hyperref Info: Hyper index ON on input line 6388.
Package hyperref Info: backreferencing OFF on input line 6395.
Package hyperref Info: Link coloring OFF on input line 6400.
Package hyperref Info: Link coloring with OCG OFF on input line 6405.
Package hyperref Info: PDF/A mode OFF on input line 6410.
LaTeX Info: Redefining \ref on input line 6450.
LaTeX Info: Redefining \pageref on input line 6454.
\Hy@abspage=\count152
\c@Item=\count153
\c@Hfootnote=\count154
)
Package hyperref Info: Driver (autodetected): hpdftex.

("/Users/mananvaswani/Library/Application Support/MiKTeX/texmfs/install/tex/lat
ex/hyperref/hpdftex.def"
File: hpdftex.def 2018/11/30 v6.88e Hyperref driver for pdfTeX
\Fld@listcount=\count155
\c@bookmark@seq@number=\count156

("/Users/mananvaswani/Library/Application Support/MiKTeX/texmfs/install/tex/lat
ex/oberdiek/rerunfilecheck.sty"
Package: rerunfilecheck 2016/05/16 v1.8 Rerun checks for auxiliary files (HO)
Package uniquecounter Info: New unique counter `rerunfilecheck' on input line 2
82.
)
\Hy@SectionHShift=\skip74
)
("/Users/mananvaswani/Library/Application Support/MiKTeX/texmfs/install/tex/lat
ex/lipsum/lipsum.sty"
("/Users/mananvaswani/Library/Application Support/MiKTeX/texmfs/install/tex/lat
ex/l3kernel/expl3.sty"
Package: expl3 2019-05-05 L3 programming layer (loader) 

("/Users/mananvaswani/Library/Application Support/MiKTeX/texmfs/install/tex/lat
ex/l3kernel/expl3-code.tex"
Package: expl3 2019-05-05 L3 programming layer (code)
\c_max_int=\count157
\l_tmpa_int=\count158
\l_tmpb_int=\count159
\g_tmpa_int=\count160
\g_tmpb_int=\count161
\g__kernel_prg_map_int=\count162
\c__ior_term_ior=\count163
\c_log_iow=\count164
\l_iow_line_count_int=\count165
\l__iow_line_target_int=\count166
\l__iow_one_indent_int=\count167
\l__iow_indent_int=\count168
\c_zero_dim=\dimen150
\c_max_dim=\dimen151
\l_tmpa_dim=\dimen152
\l_tmpb_dim=\dimen153
\g_tmpa_dim=\dimen154
\g_tmpb_dim=\dimen155
\c_zero_skip=\skip75
\c_max_skip=\skip76
\l_tmpa_skip=\skip77
\l_tmpb_skip=\skip78
\g_tmpa_skip=\skip79
\g_tmpb_skip=\skip80
\c_zero_muskip=\muskip12
\c_max_muskip=\muskip13
\l_tmpa_muskip=\muskip14
\l_tmpb_muskip=\muskip15
\g_tmpa_muskip=\muskip16
\g_tmpb_muskip=\muskip17
\l_keys_choice_int=\count169
\l__intarray_loop_int=\count170
\c__intarray_sp_dim=\dimen156
\g__intarray_font_int=\count171
\c__fp_leading_shift_int=\count172
\c__fp_middle_shift_int=\count173
\c__fp_trailing_shift_int=\count174
\c__fp_big_leading_shift_int=\count175
\c__fp_big_middle_shift_int=\count176
\c__fp_big_trailing_shift_int=\count177
\c__fp_Bigg_leading_shift_int=\count178
\c__fp_Bigg_middle_shift_int=\count179
\c__fp_Bigg_trailing_shift_int=\count180
\c__kernel_randint_max_int=\count181
\g__fp_array_int=\count182
\l__fp_array_loop_int=\count183
\l__sort_length_int=\count184
\l__sort_min_int=\count185
\l__sort_top_int=\count186
\l__sort_max_int=\count187
\l__sort_true_max_int=\count188
\l__sort_block_int=\count189
\l__sort_begin_int=\count190
\l__sort_end_int=\count191
\l__sort_A_int=\count192
\l__sort_B_int=\count193
\l__sort_C_int=\count194
\l__tl_analysis_normal_int=\count195
\l__tl_analysis_index_int=\count196
\l__tl_analysis_nesting_int=\count197
\l__tl_analysis_type_int=\count198
\l__regex_internal_a_int=\count199
\l__regex_internal_b_int=\count266
\l__regex_internal_c_int=\count267
\l__regex_balance_int=\count268
\l__regex_group_level_int=\count269
\l__regex_mode_int=\count270
\c__regex_cs_in_class_mode_int=\count271
\c__regex_cs_mode_int=\count272
\l__regex_catcodes_int=\count273
\l__regex_default_catcodes_int=\count274
\c__regex_catcode_D_int=\count275
\c__regex_catcode_S_int=\count276
\c__regex_catcode_L_int=\count277
\c__regex_catcode_O_int=\count278
\c__regex_catcode_A_int=\count279
\c__regex_all_catcodes_int=\count280
\l__regex_show_lines_int=\count281
\l__regex_min_state_int=\count282
\l__regex_max_state_int=\count283
\l__regex_left_state_int=\count284
\l__regex_right_state_int=\count285
\l__regex_capturing_group_int=\count286
\l__regex_min_pos_int=\count287
\l__regex_max_pos_int=\count288
\l__regex_curr_pos_int=\count289
\l__regex_start_pos_int=\count290
\l__regex_success_pos_int=\count291
\l__regex_curr_char_int=\count292
\l__regex_curr_catcode_int=\count293
\l__regex_last_char_int=\count294
\l__regex_case_changed_char_int=\count295
\l__regex_curr_state_int=\count296
\l__regex_step_int=\count297
\l__regex_min_active_int=\count298
\l__regex_max_active_int=\count299
\l__regex_replacement_csnames_int=\count300
\l__regex_match_count_int=\count301
\l__regex_min_submatch_int=\count302
\l__regex_submatch_int=\count303
\l__regex_zeroth_submatch_int=\count304
\g__regex_trace_regex_int=\count305
\c_empty_box=\box41
\l_tmpa_box=\box42
\l_tmpb_box=\box43
\g_tmpa_box=\box44
\g_tmpb_box=\box45
\l__box_top_dim=\dimen157
\l__box_bottom_dim=\dimen158
\l__box_left_dim=\dimen159
\l__box_right_dim=\dimen160
\l__box_top_new_dim=\dimen161
\l__box_bottom_new_dim=\dimen162
\l__box_left_new_dim=\dimen163
\l__box_right_new_dim=\dimen164
\l__box_internal_box=\box46
\l__coffin_internal_box=\box47
\l__coffin_internal_dim=\dimen165
\l__coffin_offset_x_dim=\dimen166
\l__coffin_offset_y_dim=\dimen167
\l__coffin_x_dim=\dimen168
\l__coffin_y_dim=\dimen169
\l__coffin_x_prime_dim=\dimen170
\l__coffin_y_prime_dim=\dimen171
\c_empty_coffin=\box48
\l__coffin_aligned_coffin=\box49
\l__coffin_aligned_internal_coffin=\box50
\l_tmpa_coffin=\box51
\l_tmpb_coffin=\box52
\g_tmpa_coffin=\box53
\g_tmpb_coffin=\box54
\l__coffin_bounding_shift_dim=\dimen172
\l__coffin_left_corner_dim=\dimen173
\l__coffin_right_corner_dim=\dimen174
\l__coffin_bottom_corner_dim=\dimen175
\l__coffin_top_corner_dim=\dimen176
\l__coffin_scaled_total_height_dim=\dimen177
\l__coffin_scaled_width_dim=\dimen178
\c__coffin_empty_coffin=\box55
\l__coffin_display_coffin=\box56
\l__coffin_display_coord_coffin=\box57
\l__coffin_display_pole_coffin=\box58
\l__coffin_display_offset_dim=\dimen179
\l__coffin_display_x_dim=\dimen180
\l__coffin_display_y_dim=\dimen181
\g__file_internal_ior=\read1
\l__seq_internal_a_int=\count306
\l__seq_internal_b_int=\count307
\c__deprecation_minus_one=\count308
)
("/Users/mananvaswani/Library/Application Support/MiKTeX/texmfs/install/tex/lat
ex/l3kernel/l3pdfmode.def"
File: l3pdfmode.def 2019-04-06 v L3 Experimental driver: PDF mode
\l__driver_color_stack_int=\count309
\l__driver_pdf_tmp_box=\box59
))
("/Users/mananvaswani/Library/Application Support/MiKTeX/texmfs/install/tex/lat
ex/l3packages/xparse/xparse.sty"
Package: xparse 2019-05-03 L3 Experimental document command parser
\l__xparse_current_arg_int=\count310
\g__xparse_grabber_int=\count311
\l__xparse_m_args_int=\count312
\l__xparse_v_nesting_int=\count313
)
Package: lipsum 2019/01/02 v2.2 150 paragraphs of Lorem Ipsum dummy text

("/Users/mananvaswani/Library/Application Support/MiKTeX/texmfs/install/tex/lat
ex/lipsum/lipsum.ltd.tex"
File: lipsum.ltd.tex 2019/01/02 v2.2 The Lorem ipsum dummy text
))
("/Users/mananvaswani/Library/Application Support/MiKTeX/texmfs/install/tex/lat
ex/dtk/dtk-logos.sty"
Package: dtk-logos 2017/06/07 v. 1.01 Dante Edition: Logos (hv)

("/Users/mananvaswani/Library/Application Support/MiKTeX/texmfs/install/tex/gen
eric/oberdiek/hologo.sty"
Package: hologo 2017/05/01 v1.13 A logo collection with bookmark support (HO)
)
("/Users/mananvaswani/Library/Application Support/MiKTeX/texmfs/install/tex/lat
ex/dantelogo/dantelogo.sty"
Package: dantelogo 2015/08/12 v0.03

`dantelogo' v0.03, 2015/08/12 macro for DANTE's logo (hv)
("/Users/mananvaswani/Library/Application Support/MiKTeX/texmfs/install/tex/lat
ex/iftex/iftex.sty"
Package: iftex 2013/04/04 v0.2 Provides if(tex) conditional for PDFTeX, XeTeX, 
and LuaTeX
) We run (pdf)latex ... 
("/Users/mananvaswani/Library/Application Support/MiKTeX/texmfs/install/tex/lat
ex/base/fontenc.sty"
Package: fontenc 2018/08/11 v2.0j Standard LaTeX package

("/Users/mananvaswani/Library/Application Support/MiKTeX/texmfs/install/tex/lat
ex/base/t1enc.def"
File: t1enc.def 2018/08/11 v2.0j Standard LaTeX file
LaTeX Font Info:    Redeclaring font encoding T1 on input line 48.
))))
Package hyperref Info: Option `colorlinks' set `true' on input line 81.


Package hyperref Warning: Option `bookmarks' has already been used,
(hyperref)                setting the option has no effect on input line 81.

)
("/Users/mananvaswani/Library/Application Support/MiKTeX/texmfs/install/tex/lat
ex/complexity/complexity.sty"
Package: complexity 09/16/17  v0.81a


/Users/mananvaswani/Library/Application Support/MiKTeX/texmfs/install/tex/latex
/complexity/complexity.sty:405: LaTeX Error: Command \MP already defined.
               Or name \end... illegal, see p.192 of the manual.

See the LaTeX manual or LaTeX Companion for explanation.
Type  H <return>  for immediate help
Your command was ignored.
Type  I <command> <return>  to replace it with another command,
or  <return>  to continue without it.


("/Users/mananvaswani/Library/Application Support/MiKTeX/texmfs/install/tex/lat
ex/complexity/mycomplexity.sty")) (dissertation.aux)
\openout1 = `dissertation.aux'.

LaTeX Font Info:    Checking defaults for OML/cmm/m/it on input line 41.
LaTeX Font Info:    ... okay on input line 41.
LaTeX Font Info:    Checking defaults for T1/cmr/m/n on input line 41.
LaTeX Font Info:    ... okay on input line 41.
LaTeX Font Info:    Checking defaults for OT1/cmr/m/n on input line 41.
LaTeX Font Info:    ... okay on input line 41.
LaTeX Font Info:    Checking defaults for OMS/cmsy/m/n on input line 41.
LaTeX Font Info:    ... okay on input line 41.
LaTeX Font Info:    Checking defaults for OMX/cmex/m/n on input line 41.
LaTeX Font Info:    ... okay on input line 41.
LaTeX Font Info:    Checking defaults for U/cmr/m/n on input line 41.
LaTeX Font Info:    ... okay on input line 41.
LaTeX Font Info:    Checking defaults for PD1/pdf/m/n on input line 41.
LaTeX Font Info:    ... okay on input line 41.

("/Users/mananvaswani/Library/Application Support/MiKTeX/texmfs/install/tex/con
text/base/mkii/supp-pdf.mkii"
[Loading MPS to PDF converter (version 2006.09.02).]
\scratchcounter=\count314
\scratchdimen=\dimen182
\scratchbox=\box60
\nofMPsegments=\count315
\nofMParguments=\count316
\everyMPshowfont=\toks31
\MPscratchCnt=\count317
\MPscratchDim=\dimen183
\MPnumerator=\count318
\makeMPintoPDFobject=\count319
\everyMPtoPDFconversion=\toks32
)
("/Users/mananvaswani/Library/Application Support/MiKTeX/texmfs/install/tex/lat
ex/oberdiek/epstopdf-base.sty"
Package: epstopdf-base 2016/05/15 v2.6 Base part for package epstopdf

("/Users/mananvaswani/Library/Application Support/MiKTeX/texmfs/install/tex/lat
ex/oberdiek/grfext.sty"
Package: grfext 2016/05/16 v1.2 Manage graphics extensions (HO)
)
Package epstopdf-base Info: Redefining graphics rule for `.eps' on input line 4
38.
Package grfext Info: Graphics extension search list:
(grfext)             [.pdf,.png,.jpg,.mps,.jpeg,.jbig2,.jb2,.PDF,.PNG,.JPG,.JPE
G,.JBIG2,.JB2,.eps]
(grfext)             \AppendGraphicsExtensions on input line 456.
)
*geometry* driver: auto-detecting
*geometry* detected driver: pdftex
*geometry* verbose mode - [ preamble ] result:
* driver: pdftex
* paper: a4paper
* layout: <same size as paper>
* layoutoffset:(h,v)=(0.0pt,0.0pt)
* modes: 
* h-part:(L,W,R)=(71.13188pt, 455.24411pt, 71.13188pt)
* v-part:(T,H,B)=(71.13188pt, 702.78308pt, 71.13188pt)
* \paperwidth=597.50787pt
* \paperheight=845.04684pt
* \textwidth=455.24411pt
* \textheight=702.78308pt
* \oddsidemargin=-1.1381pt
* \evensidemargin=-1.1381pt
* \topmargin=-31.2056pt
* \headheight=12.0pt
* \headsep=18.06749pt
* \topskip=10.0pt
* \footskip=25.29494pt
* \marginparwidth=61.0pt
* \marginparsep=7.0pt
* \columnsep=10.0pt
* \skip\footins=9.0pt plus 4.0pt minus 2.0pt
* \hoffset=0.0pt
* \voffset=0.0pt
* \mag=1000
* \@twocolumnfalse
* \@twosidefalse
* \@mparswitchfalse
* \@reversemarginfalse
* (1in=72.27pt=25.4mm, 1cm=28.453pt)


("/Users/mananvaswani/Library/Application Support/MiKTeX/texmfs/install/tex/lat
ex/fmtcount/fc-english.def"
File: fc-english.def 2016/01/12
)
\c@lstlisting=\count320
\AtBeginShipoutBox=\box61

("/Users/mananvaswani/Library/Application Support/MiKTeX/texmfs/install/tex/lat
ex/graphics/color.sty"
Package: color 2016/07/10 v1.1e Standard LaTeX Color (DPC)

("/Users/mananvaswani/Library/Application Support/MiKTeX/texmfs/install/tex/lat
ex/graphics-cfg/color.cfg"
File: color.cfg 2016/01/02 v1.6 sample color configuration
)
Package color Info: Driver file: pdftex.def on input line 147.
)
Package hyperref Info: Link coloring ON on input line 41.

("/Users/mananvaswani/Library/Application Support/MiKTeX/texmfs/install/tex/lat
ex/hyperref/nameref.sty"
Package: nameref 2016/05/21 v2.44 Cross-referencing by name of section

("/Users/mananvaswani/Library/Application Support/MiKTeX/texmfs/install/tex/gen
eric/oberdiek/gettitlestring.sty"
Package: gettitlestring 2016/05/16 v1.5 Cleanup title references (HO)
)
\c@section@level=\count321
)
LaTeX Info: Redefining \ref on input line 41.
LaTeX Info: Redefining \pageref on input line 41.
LaTeX Info: Redefining \nameref on input line 41.
 (dissertation.out) (dissertation.out)
\@outlinefile=\write3
\openout3 = `dissertation.out'.

Package epstopdf Info: Source file: <logo/logo_uob_color.eps>
(epstopdf)                    date: 2019-05-08 23:20:43
(epstopdf)                    size: 21121 bytes
(epstopdf)             Output file: <logo/logo_uob_color-eps-converted-to.pdf>
(epstopdf)                    date: 2019-05-08 23:23:00
(epstopdf)                    size: 12029 bytes
(epstopdf)             Command: <epstopdf --outfile=logo/logo_uob_color-eps-con
verted-to.pdf logo/logo_uob_color.eps>
(epstopdf)             \includegraphics on input line 56.
Package epstopdf Info: Output file is already uptodate.
<logo/logo_uob_color-eps-converted-to.pdf, id=47, 546.04pt x 158.5925pt>
File: logo/logo_uob_color-eps-converted-to.pdf Graphic file (type pdf)
<use logo/logo_uob_color-eps-converted-to.pdf>
Package pdftex.def Info: logo/logo_uob_color-eps-converted-to.pdf  used on inpu
t line 56.
(pdftex.def)             Requested size: 163.81326pt x 47.57811pt.

Overfull \hbox (92.90358pt too wide) in paragraph at lines 56--56
 [][] 
 []

LaTeX Font Info:    Try loading font information for U+msa on input line 56.

("/Users/mananvaswani/Library/Application Support/MiKTeX/texmfs/install/tex/lat
ex/amsfonts/umsa.fd"
File: umsa.fd 2013/01/14 v3.01 AMS symbols A
)
LaTeX Font Info:    Try loading font information for U+msb on input line 56.

("/Users/mananvaswani/Library/Application Support/MiKTeX/texmfs/install/tex/lat
ex/amsfonts/umsb.fd"
File: umsb.fd 2013/01/14 v3.01 AMS symbols B
) [1

{/Users/mananvaswani/Library/Application Support/MiKTeX/texmfs/data/pdftex/conf
ig/pdftex.map} <./logo/logo_uob_color-eps-converted-to.pdf>] [1


] (dissertation.toc
LaTeX Font Info:    Try loading font information for T1+cmtt on input line 2.

("/Users/mananvaswani/Library/Application Support/MiKTeX/texmfs/install/tex/lat
ex/base/t1cmtt.fd"
File: t1cmtt.fd 2014/09/29 v2.5h Standard LaTeX font definitions
))
\tf@toc=\write4
\openout4 = `dissertation.toc'.

 [2

]
Overfull \hbox (12.80826pt too wide) in paragraph at lines 90--96
\T1/cmr/m/n/10 This section should précis the project context, aims and objecti
ves, and main contributions (e.g., deliverables)
 []

LaTeX Font Info:    Try loading font information for OMS+cmr on input line 118.


("/Users/mananvaswani/Library/Application Support/MiKTeX/texmfs/install/tex/lat
ex/base/omscmr.fd"
File: omscmr.fd 2014/09/29 v2.5h Standard LaTeX font definitions
)
LaTeX Font Info:    Font shape `OMS/cmr/m/n' in size <10> not available
(Font)              Font shape `OMS/cmsy/m/n' tried instead on input line 118.
 [3

]
LaTeX Font Info:    Font shape `T1/cmtt/bx/n' in size <14.4> not available
(Font)              Font shape `T1/cmtt/m/n' tried instead on input line 139.
 [4

] [5] [6

]

Package Fancyhdr Warning: \fancyhead's `E' option without twoside option is use
less on input line 177.

Chapter 1.

LaTeX Warning: Citation `preskill2012' on page 1 undefined on input line 190.


Overfull \hbox (8.11862pt too wide) in paragraph at lines 194--195
[]\T1/cmr/m/n/10 The second, and more obvious drawback to Shor's algorithm is t
hat a large-scale physical implementation
 []

pdfTeX warning (ext4): destination with the same identifier (name{page.1}) has 
been already used, duplicate ignored
<to be read again> 
                   \relax 
l.199 
       [1


]
<galton_board.png, id=146, 181.67876pt x 217.81375pt>
File: galton_board.png Graphic file (type png)
<use galton_board.png>
Package pdftex.def Info: galton_board.png  used on input line 206.
(pdftex.def)             Requested size: 149.96338pt x 179.79492pt.
 [2 <./galton_board.png>]
Underfull \hbox (badness 10000) in paragraph at lines 223--228

 []

[3]
Chapter 2.
[4

]
Chapter 3.
[5

]
("/Users/mananvaswani/Library/Application Support/MiKTeX/texmfs/install/tex/lat
ex/listings/lstlang1.sty"
File: lstlang1.sty 2019/02/27 1.8b listings language file
)
("/Users/mananvaswani/Library/Application Support/MiKTeX/texmfs/install/tex/lat
ex/listings/lstmisc.sty"
File: lstmisc.sty 2019/02/27 1.8b (Carsten Heinz)
)
LaTeX Font Info:    Font shape `T1/cmtt/bx/n' in size <10> not available
(Font)              Font shape `T1/cmtt/m/n' tried instead on input line 341.
 [6] [7] [8]
Chapter 4.
[9

]
Chapter 5.
[10

]

Package Fancyhdr Warning: \fancyhead's `E' option without twoside option is use
less on input line 443.

(dissertation.bbl
Underfull \hbox (badness 1348) in paragraph at lines 44--47
[]\T1/cmr/m/n/10 Aram W. Harrow and Ashley Montanaro.  Quantum computational su
premacy.  \T1/cmr/m/it/10 Nature\T1/cmr/m/n/10 ,
 []

[11


]) [12]
Appendix A.
Package atveryend Info: Empty hook `BeforeClearDocument' on input line 476.
[13

]
Package atveryend Info: Empty hook `AfterLastShipout' on input line 476.
 (dissertation.aux)
Package atveryend Info: Executing hook `AtVeryEndDocument' on input line 476.
Package atveryend Info: Executing hook `AtEndAfterFileList' on input line 476.
Package rerunfilecheck Info: File `dissertation.out' has not changed.
(rerunfilecheck)             Checksum: 090C42FE9D79205E10084C3AD19E4FF6;590.


LaTeX Warning: There were undefined references.

 ) 
Here is how much of TeX's memory you used:
 22751 strings out of 494857
 393679 string characters out of 3176125
 759797 words of memory out of 3000000
 26057 multiletter control sequences out of 15000+200000
 547093 words of font info for 52 fonts, out of 3000000 for 9000
 0 hyphenation exceptions out of 8191
 47i,12n,74p,1367b,1314s stack positions out of 5000i,500n,10000p,200000b,50000s
 </Users/mananvaswani/Library/Application Support/MiKTeX/texmfs/data/fonts/pk
/ljfour/jknappen/ec/dpi600/ecsl1000.pk> </Users/mananvaswani/Library/Applicatio
n Support/MiKTeX/texmfs/data/fonts/pk/ljfour/jknappen/ec/dpi600/ecbx2074.pk> </
Users/mananvaswani/Library/Application Support/MiKTeX/texmfs/data/fonts/pk/ljfo
ur/jknappen/ec/dpi600/ecbx1200.pk> </Users/mananvaswani/Library/Application Sup
port/MiKTeX/texmfs/data/fonts/pk/ljfour/jknappen/ec/dpi600/ectt1440.pk> </Users
/mananvaswani/Library/Application Support/MiKTeX/texmfs/data/fonts/pk/ljfour/jk
nappen/ec/dpi600/ecbx1440.pk> </Users/mananvaswani/Library/Application Support/
MiKTeX/texmfs/data/fonts/pk/ljfour/jknappen/ec/dpi600/ecti1000.pk> </Users/mana
nvaswani/Library/Application Support/MiKTeX/texmfs/data/fonts/pk/ljfour/jknappe
n/ec/dpi600/ecbx1000.pk> </Users/mananvaswani/Library/Application Support/MiKTe
X/texmfs/data/fonts/pk/ljfour/jknappen/ec/dpi600/ectt1000.pk> </Users/mananvasw
ani/Library/Application Support/MiKTeX/texmfs/data/fonts/pk/ljfour/jknappen/ec/
dpi600/ecbx2488.pk> </Users/mananvaswani/Library/Application Support/MiKTeX/tex
mfs/data/fonts/pk/ljfour/jknappen/ec/dpi600/ecrm0700.pk> </Users/mananvaswani/L
ibrary/Application Support/MiKTeX/texmfs/data/fonts/pk/ljfour/jknappen/ec/dpi60
0/ecrm1440.pk> </Users/mananvaswani/Library/Application Support/MiKTeX/texmfs/d
ata/fonts/pk/ljfour/jknappen/ec/dpi600/ecrm1728.pk> </Users/mananvaswani/Librar
y/Application Support/MiKTeX/texmfs/data/fonts/pk/ljfour/jknappen/ec/dpi600/ecr
m1000.pk></Users/mananvaswani/Library/Application Support/MiKTeX/texmfs/install
/fonts/type1/public/amsfonts/cm/cmmi10.pfb></Users/mananvaswani/Library/Applica
tion Support/MiKTeX/texmfs/install/fonts/type1/public/amsfonts/cm/cmmi7.pfb></U
sers/mananvaswani/Library/Application Support/MiKTeX/texmfs/install/fonts/type1
/public/amsfonts/cm/cmr10.pfb></Users/mananvaswani/Library/Application Support/
MiKTeX/texmfs/install/fonts/type1/public/amsfonts/cm/cmr7.pfb></Users/mananvasw
ani/Library/Application Support/MiKTeX/texmfs/install/fonts/type1/public/amsfon
ts/cm/cmss10.pfb></Users/mananvaswani/Library/Application Support/MiKTeX/texmfs
/install/fonts/type1/public/amsfonts/cm/cmss8.pfb></Users/mananvaswani/Library/
Application Support/MiKTeX/texmfs/install/fonts/type1/public/amsfonts/cm/cmsy10
.pfb>
Output written on dissertation.pdf (20 pages, 278811 bytes).
PDF statistics:
 701 PDF objects out of 1000 (max. 8388607)
 89 named destinations out of 1000 (max. 500000)
 99 words of extra memory for PDF output out of 10000 (max. 10000000)

