This is pdfTeX, Version 3.14159265-2.6-1.40.20 (MiKTeX 2.9.7000) (preloaded format=pdflatex 2019.5.8)  8 MAY 2019 23:45
entering extended mode
**./dissertation_manan_vaswani.tex
(dissertation_manan_vaswani.tex
LaTeX2e <2018-12-01>

("/Users/mananvaswani/Library/Application Support/MiKTeX/texmfs/install/tex/lat
ex/base/article.cls"
Document Class: article 2018/09/03 v1.4i Standard LaTeX document class

("/Users/mananvaswani/Library/Application Support/MiKTeX/texmfs/install/tex/lat
ex/base/size11.clo"
File: size11.clo 2018/09/03 v1.4i Standard LaTeX file (size option)
)
\c@part=\count80
\c@section=\count81
\c@subsection=\count82
\c@subsubsection=\count83
\c@paragraph=\count84
\c@subparagraph=\count85
\c@figure=\count86
\c@table=\count87
\abovecaptionskip=\skip41
\belowcaptionskip=\skip42
\bibindent=\dimen102
)
("/Users/mananvaswani/Library/Application Support/MiKTeX/texmfs/install/tex/lat
ex/base/inputenc.sty"
Package: inputenc 2018/08/11 v1.3c Input encoding file
\inpenc@prehook=\toks14
\inpenc@posthook=\toks15
)
("/Users/mananvaswani/Library/Application Support/MiKTeX/texmfs/install/tex/lat
ex/amsmath/amsmath.sty"
Package: amsmath 2018/12/01 v2.17b AMS math features
\@mathmargin=\skip43

For additional information on amsmath, use the `?' option.

("/Users/mananvaswani/Library/Application Support/MiKTeX/texmfs/install/tex/lat
ex/amsmath/amstext.sty"
Package: amstext 2000/06/29 v2.01 AMS text

("/Users/mananvaswani/Library/Application Support/MiKTeX/texmfs/install/tex/lat
ex/amsmath/amsgen.sty"
File: amsgen.sty 1999/11/30 v2.0 generic functions
\@emptytoks=\toks16
\ex@=\dimen103
))
("/Users/mananvaswani/Library/Application Support/MiKTeX/texmfs/install/tex/lat
ex/amsmath/amsbsy.sty"
Package: amsbsy 1999/11/29 v1.2d Bold Symbols
\pmbraise@=\dimen104
)
("/Users/mananvaswani/Library/Application Support/MiKTeX/texmfs/install/tex/lat
ex/amsmath/amsopn.sty"
Package: amsopn 2016/03/08 v2.02 operator names
)
\inf@bad=\count88
LaTeX Info: Redefining \frac on input line 223.
\uproot@=\count89
\leftroot@=\count90
LaTeX Info: Redefining \overline on input line 385.
\classnum@=\count91
\DOTSCASE@=\count92
LaTeX Info: Redefining \ldots on input line 482.
LaTeX Info: Redefining \dots on input line 485.
LaTeX Info: Redefining \cdots on input line 606.
\Mathstrutbox@=\box27
\strutbox@=\box28
\big@size=\dimen105
LaTeX Font Info:    Redeclaring font encoding OML on input line 729.
LaTeX Font Info:    Redeclaring font encoding OMS on input line 730.
\macc@depth=\count93
\c@MaxMatrixCols=\count94
\dotsspace@=\muskip10
\c@parentequation=\count95
\dspbrk@lvl=\count96
\tag@help=\toks17
\row@=\count97
\column@=\count98
\maxfields@=\count99
\andhelp@=\toks18
\eqnshift@=\dimen106
\alignsep@=\dimen107
\tagshift@=\dimen108
\tagwidth@=\dimen109
\totwidth@=\dimen110
\lineht@=\dimen111
\@envbody=\toks19
\multlinegap=\skip44
\multlinetaggap=\skip45
\mathdisplay@stack=\toks20
LaTeX Info: Redefining \[ on input line 2844.
LaTeX Info: Redefining \] on input line 2845.
)
("/Users/mananvaswani/Library/Application Support/MiKTeX/texmfs/install/tex/lat
ex/amsfonts/amssymb.sty"
Package: amssymb 2013/01/14 v3.01 AMS font symbols

("/Users/mananvaswani/Library/Application Support/MiKTeX/texmfs/install/tex/lat
ex/amsfonts/amsfonts.sty"
Package: amsfonts 2013/01/14 v3.01 Basic AMSFonts support
\symAMSa=\mathgroup4
\symAMSb=\mathgroup5
LaTeX Font Info:    Overwriting math alphabet `\mathfrak' in version `bold'
(Font)                  U/euf/m/n --> U/euf/b/n on input line 106.
))
("/Users/mananvaswani/Library/Application Support/MiKTeX/texmfs/install/tex/lat
ex/amscls/amsthm.sty"
Package: amsthm 2017/10/31 v2.20.4
\thm@style=\toks21
\thm@bodyfont=\toks22
\thm@headfont=\toks23
\thm@notefont=\toks24
\thm@headpunct=\toks25
\thm@preskip=\skip46
\thm@postskip=\skip47
\thm@headsep=\skip48
\dth@everypar=\toks26
)
("/Users/mananvaswani/Library/Application Support/MiKTeX/texmfs/install/tex/lat
ex/pgf/frontendlayer/tikz.sty"
("/Users/mananvaswani/Library/Application Support/MiKTeX/texmfs/install/tex/lat
ex/pgf/basiclayer/pgf.sty"
("/Users/mananvaswani/Library/Application Support/MiKTeX/texmfs/install/tex/lat
ex/pgf/utilities/pgfrcs.sty"
("/Users/mananvaswani/Library/Application Support/MiKTeX/texmfs/install/tex/gen
eric/pgf/utilities/pgfutil-common.tex"
\pgfutil@everybye=\toks27
\pgfutil@tempdima=\dimen112
\pgfutil@tempdimb=\dimen113

("/Users/mananvaswani/Library/Application Support/MiKTeX/texmfs/install/tex/gen
eric/pgf/utilities/pgfutil-common-lists.tex"))
("/Users/mananvaswani/Library/Application Support/MiKTeX/texmfs/install/tex/gen
eric/pgf/utilities/pgfutil-latex.def"
\pgfutil@abb=\box29

("/Users/mananvaswani/Library/Application Support/MiKTeX/texmfs/install/tex/lat
ex/ms/everyshi.sty"
Package: everyshi 2001/05/15 v3.00 EveryShipout Package (MS)
))
("/Users/mananvaswani/Library/Application Support/MiKTeX/texmfs/install/tex/gen
eric/pgf/utilities/pgfrcs.code.tex"
("/Users/mananvaswani/Library/Application Support/MiKTeX/texmfs/install/tex/gen
eric/pgf/pgf.revision.tex")
Package: pgfrcs 2019/04/04 v3.1.2 (3.1.2)
))
Package: pgf 2019/04/04 v3.1.2 (3.1.2)

("/Users/mananvaswani/Library/Application Support/MiKTeX/texmfs/install/tex/lat
ex/pgf/basiclayer/pgfcore.sty"
("/Users/mananvaswani/Library/Application Support/MiKTeX/texmfs/install/tex/lat
ex/graphics/graphicx.sty"
Package: graphicx 2017/06/01 v1.1a Enhanced LaTeX Graphics (DPC,SPQR)

("/Users/mananvaswani/Library/Application Support/MiKTeX/texmfs/install/tex/lat
ex/graphics/keyval.sty"
Package: keyval 2014/10/28 v1.15 key=value parser (DPC)
\KV@toks@=\toks28
)
("/Users/mananvaswani/Library/Application Support/MiKTeX/texmfs/install/tex/lat
ex/graphics/graphics.sty"
Package: graphics 2017/06/25 v1.2c Standard LaTeX Graphics (DPC,SPQR)

("/Users/mananvaswani/Library/Application Support/MiKTeX/texmfs/install/tex/lat
ex/graphics/trig.sty"
Package: trig 2016/01/03 v1.10 sin cos tan (DPC)
)
("/Users/mananvaswani/Library/Application Support/MiKTeX/texmfs/install/tex/lat
ex/graphics-cfg/graphics.cfg"
File: graphics.cfg 2016/06/04 v1.11 sample graphics configuration
)
Package graphics Info: Driver file: pdftex.def on input line 99.

("/Users/mananvaswani/Library/Application Support/MiKTeX/texmfs/install/tex/lat
ex/graphics-def/pdftex.def"
File: pdftex.def 2018/01/08 v1.0l Graphics/color driver for pdftex
))
\Gin@req@height=\dimen114
\Gin@req@width=\dimen115
)
("/Users/mananvaswani/Library/Application Support/MiKTeX/texmfs/install/tex/lat
ex/pgf/systemlayer/pgfsys.sty"
("/Users/mananvaswani/Library/Application Support/MiKTeX/texmfs/install/tex/gen
eric/pgf/systemlayer/pgfsys.code.tex"
Package: pgfsys 2019/04/04 v3.1.2 (3.1.2)

("/Users/mananvaswani/Library/Application Support/MiKTeX/texmfs/install/tex/gen
eric/pgf/utilities/pgfkeys.code.tex"
\pgfkeys@pathtoks=\toks29
\pgfkeys@temptoks=\toks30

("/Users/mananvaswani/Library/Application Support/MiKTeX/texmfs/install/tex/gen
eric/pgf/utilities/pgfkeysfiltered.code.tex"
\pgfkeys@tmptoks=\toks31
))
\pgf@x=\dimen116
\pgf@y=\dimen117
\pgf@xa=\dimen118
\pgf@ya=\dimen119
\pgf@xb=\dimen120
\pgf@yb=\dimen121
\pgf@xc=\dimen122
\pgf@yc=\dimen123
\w@pgf@writea=\write3
\r@pgf@reada=\read1
\c@pgf@counta=\count100
\c@pgf@countb=\count101
\c@pgf@countc=\count102
\c@pgf@countd=\count103
\t@pgf@toka=\toks32
\t@pgf@tokb=\toks33
\t@pgf@tokc=\toks34
\pgf@sys@id@count=\count104

("/Users/mananvaswani/Library/Application Support/MiKTeX/texmfs/install/tex/gen
eric/pgf/systemlayer/pgf.cfg"
File: pgf.cfg 2019/04/04 v3.1.2 (3.1.2)
)
Driver file for pgf: pgfsys-pdftex.def

("/Users/mananvaswani/Library/Application Support/MiKTeX/texmfs/install/tex/gen
eric/pgf/systemlayer/pgfsys-pdftex.def"
File: pgfsys-pdftex.def 2019/04/04 v3.1.2 (3.1.2)

("/Users/mananvaswani/Library/Application Support/MiKTeX/texmfs/install/tex/gen
eric/pgf/systemlayer/pgfsys-common-pdf.def"
File: pgfsys-common-pdf.def 2019/04/04 v3.1.2 (3.1.2)
)))
("/Users/mananvaswani/Library/Application Support/MiKTeX/texmfs/install/tex/gen
eric/pgf/systemlayer/pgfsyssoftpath.code.tex"
File: pgfsyssoftpath.code.tex 2019/04/04 v3.1.2 (3.1.2)
\pgfsyssoftpath@smallbuffer@items=\count105
\pgfsyssoftpath@bigbuffer@items=\count106
)
("/Users/mananvaswani/Library/Application Support/MiKTeX/texmfs/install/tex/gen
eric/pgf/systemlayer/pgfsysprotocol.code.tex"
File: pgfsysprotocol.code.tex 2019/04/04 v3.1.2 (3.1.2)
))
("/Users/mananvaswani/Library/Application Support/MiKTeX/texmfs/install/tex/lat
ex/xcolor/xcolor.sty"
Package: xcolor 2016/05/11 v2.12 LaTeX color extensions (UK)

("/Users/mananvaswani/Library/Application Support/MiKTeX/texmfs/install/tex/lat
ex/graphics-cfg/color.cfg"
File: color.cfg 2016/01/02 v1.6 sample color configuration
)
Package xcolor Info: Driver file: pdftex.def on input line 225.
Package xcolor Info: Model `cmy' substituted by `cmy0' on input line 1348.
Package xcolor Info: Model `hsb' substituted by `rgb' on input line 1352.
Package xcolor Info: Model `RGB' extended on input line 1364.
Package xcolor Info: Model `HTML' substituted by `rgb' on input line 1366.
Package xcolor Info: Model `Hsb' substituted by `hsb' on input line 1367.
Package xcolor Info: Model `tHsb' substituted by `hsb' on input line 1368.
Package xcolor Info: Model `HSB' substituted by `hsb' on input line 1369.
Package xcolor Info: Model `Gray' substituted by `gray' on input line 1370.
Package xcolor Info: Model `wave' substituted by `hsb' on input line 1371.
)
("/Users/mananvaswani/Library/Application Support/MiKTeX/texmfs/install/tex/gen
eric/pgf/basiclayer/pgfcore.code.tex"
Package: pgfcore 2019/04/04 v3.1.2 (3.1.2)

("/Users/mananvaswani/Library/Application Support/MiKTeX/texmfs/install/tex/gen
eric/pgf/math/pgfmath.code.tex"
("/Users/mananvaswani/Library/Application Support/MiKTeX/texmfs/install/tex/gen
eric/pgf/math/pgfmathcalc.code.tex"
("/Users/mananvaswani/Library/Application Support/MiKTeX/texmfs/install/tex/gen
eric/pgf/math/pgfmathutil.code.tex")
("/Users/mananvaswani/Library/Application Support/MiKTeX/texmfs/install/tex/gen
eric/pgf/math/pgfmathparser.code.tex"
\pgfmath@dimen=\dimen124
\pgfmath@count=\count107
\pgfmath@box=\box30
\pgfmath@toks=\toks35
\pgfmath@stack@operand=\toks36
\pgfmath@stack@operation=\toks37
)
("/Users/mananvaswani/Library/Application Support/MiKTeX/texmfs/install/tex/gen
eric/pgf/math/pgfmathfunctions.code.tex"
("/Users/mananvaswani/Library/Application Support/MiKTeX/texmfs/install/tex/gen
eric/pgf/math/pgfmathfunctions.basic.code.tex")
("/Users/mananvaswani/Library/Application Support/MiKTeX/texmfs/install/tex/gen
eric/pgf/math/pgfmathfunctions.trigonometric.code.tex")
("/Users/mananvaswani/Library/Application Support/MiKTeX/texmfs/install/tex/gen
eric/pgf/math/pgfmathfunctions.random.code.tex")
("/Users/mananvaswani/Library/Application Support/MiKTeX/texmfs/install/tex/gen
eric/pgf/math/pgfmathfunctions.comparison.code.tex")
("/Users/mananvaswani/Library/Application Support/MiKTeX/texmfs/install/tex/gen
eric/pgf/math/pgfmathfunctions.base.code.tex")
("/Users/mananvaswani/Library/Application Support/MiKTeX/texmfs/install/tex/gen
eric/pgf/math/pgfmathfunctions.round.code.tex")
("/Users/mananvaswani/Library/Application Support/MiKTeX/texmfs/install/tex/gen
eric/pgf/math/pgfmathfunctions.misc.code.tex")
("/Users/mananvaswani/Library/Application Support/MiKTeX/texmfs/install/tex/gen
eric/pgf/math/pgfmathfunctions.integerarithmetics.code.tex")))
("/Users/mananvaswani/Library/Application Support/MiKTeX/texmfs/install/tex/gen
eric/pgf/math/pgfmathfloat.code.tex"
\c@pgfmathroundto@lastzeros=\count108
))
("/Users/mananvaswani/Library/Application Support/MiKTeX/texmfs/install/tex/gen
eric/pgf/basiclayer/pgfcorepoints.code.tex"
File: pgfcorepoints.code.tex 2019/04/04 v3.1.2 (3.1.2)
\pgf@picminx=\dimen125
\pgf@picmaxx=\dimen126
\pgf@picminy=\dimen127
\pgf@picmaxy=\dimen128
\pgf@pathminx=\dimen129
\pgf@pathmaxx=\dimen130
\pgf@pathminy=\dimen131
\pgf@pathmaxy=\dimen132
\pgf@xx=\dimen133
\pgf@xy=\dimen134
\pgf@yx=\dimen135
\pgf@yy=\dimen136
\pgf@zx=\dimen137
\pgf@zy=\dimen138
)
("/Users/mananvaswani/Library/Application Support/MiKTeX/texmfs/install/tex/gen
eric/pgf/basiclayer/pgfcorepathconstruct.code.tex"
File: pgfcorepathconstruct.code.tex 2019/04/04 v3.1.2 (3.1.2)
\pgf@path@lastx=\dimen139
\pgf@path@lasty=\dimen140
)
("/Users/mananvaswani/Library/Application Support/MiKTeX/texmfs/install/tex/gen
eric/pgf/basiclayer/pgfcorepathusage.code.tex"
File: pgfcorepathusage.code.tex 2019/04/04 v3.1.2 (3.1.2)
\pgf@shorten@end@additional=\dimen141
\pgf@shorten@start@additional=\dimen142
)
("/Users/mananvaswani/Library/Application Support/MiKTeX/texmfs/install/tex/gen
eric/pgf/basiclayer/pgfcorescopes.code.tex"
File: pgfcorescopes.code.tex 2019/04/04 v3.1.2 (3.1.2)
\pgfpic=\box31
\pgf@hbox=\box32
\pgf@layerbox@main=\box33
\pgf@picture@serial@count=\count109
)
("/Users/mananvaswani/Library/Application Support/MiKTeX/texmfs/install/tex/gen
eric/pgf/basiclayer/pgfcoregraphicstate.code.tex"
File: pgfcoregraphicstate.code.tex 2019/04/04 v3.1.2 (3.1.2)
\pgflinewidth=\dimen143
)
("/Users/mananvaswani/Library/Application Support/MiKTeX/texmfs/install/tex/gen
eric/pgf/basiclayer/pgfcoretransformations.code.tex"
File: pgfcoretransformations.code.tex 2019/04/04 v3.1.2 (3.1.2)
\pgf@pt@x=\dimen144
\pgf@pt@y=\dimen145
\pgf@pt@temp=\dimen146
)
("/Users/mananvaswani/Library/Application Support/MiKTeX/texmfs/install/tex/gen
eric/pgf/basiclayer/pgfcorequick.code.tex"
File: pgfcorequick.code.tex 2019/04/04 v3.1.2 (3.1.2)
)
("/Users/mananvaswani/Library/Application Support/MiKTeX/texmfs/install/tex/gen
eric/pgf/basiclayer/pgfcoreobjects.code.tex"
File: pgfcoreobjects.code.tex 2019/04/04 v3.1.2 (3.1.2)
)
("/Users/mananvaswani/Library/Application Support/MiKTeX/texmfs/install/tex/gen
eric/pgf/basiclayer/pgfcorepathprocessing.code.tex"
File: pgfcorepathprocessing.code.tex 2019/04/04 v3.1.2 (3.1.2)
)
("/Users/mananvaswani/Library/Application Support/MiKTeX/texmfs/install/tex/gen
eric/pgf/basiclayer/pgfcorearrows.code.tex"
File: pgfcorearrows.code.tex 2019/04/04 v3.1.2 (3.1.2)
\pgfarrowsep=\dimen147
)
("/Users/mananvaswani/Library/Application Support/MiKTeX/texmfs/install/tex/gen
eric/pgf/basiclayer/pgfcoreshade.code.tex"
File: pgfcoreshade.code.tex 2019/04/04 v3.1.2 (3.1.2)
\pgf@max=\dimen148
\pgf@sys@shading@range@num=\count110
\pgf@shadingcount=\count111
)
("/Users/mananvaswani/Library/Application Support/MiKTeX/texmfs/install/tex/gen
eric/pgf/basiclayer/pgfcoreimage.code.tex"
File: pgfcoreimage.code.tex 2019/04/04 v3.1.2 (3.1.2)

("/Users/mananvaswani/Library/Application Support/MiKTeX/texmfs/install/tex/gen
eric/pgf/basiclayer/pgfcoreexternal.code.tex"
File: pgfcoreexternal.code.tex 2019/04/04 v3.1.2 (3.1.2)
\pgfexternal@startupbox=\box34
))
("/Users/mananvaswani/Library/Application Support/MiKTeX/texmfs/install/tex/gen
eric/pgf/basiclayer/pgfcorelayers.code.tex"
File: pgfcorelayers.code.tex 2019/04/04 v3.1.2 (3.1.2)
)
("/Users/mananvaswani/Library/Application Support/MiKTeX/texmfs/install/tex/gen
eric/pgf/basiclayer/pgfcoretransparency.code.tex"
File: pgfcoretransparency.code.tex 2019/04/04 v3.1.2 (3.1.2)
)
("/Users/mananvaswani/Library/Application Support/MiKTeX/texmfs/install/tex/gen
eric/pgf/basiclayer/pgfcorepatterns.code.tex"
File: pgfcorepatterns.code.tex 2019/04/04 v3.1.2 (3.1.2)
)
("/Users/mananvaswani/Library/Application Support/MiKTeX/texmfs/install/tex/gen
eric/pgf/basiclayer/pgfcorerdf.code.tex"
File: pgfcorerdf.code.tex 2019/04/04 v3.1.2 (3.1.2)
)))
("/Users/mananvaswani/Library/Application Support/MiKTeX/texmfs/install/tex/gen
eric/pgf/modules/pgfmoduleshapes.code.tex"
File: pgfmoduleshapes.code.tex 2019/04/04 v3.1.2 (3.1.2)
\pgfnodeparttextbox=\box35
)
("/Users/mananvaswani/Library/Application Support/MiKTeX/texmfs/install/tex/gen
eric/pgf/modules/pgfmoduleplot.code.tex"
File: pgfmoduleplot.code.tex 2019/04/04 v3.1.2 (3.1.2)
)
("/Users/mananvaswani/Library/Application Support/MiKTeX/texmfs/install/tex/lat
ex/pgf/compatibility/pgfcomp-version-0-65.sty"
Package: pgfcomp-version-0-65 2019/04/04 v3.1.2 (3.1.2)
\pgf@nodesepstart=\dimen149
\pgf@nodesepend=\dimen150
)
("/Users/mananvaswani/Library/Application Support/MiKTeX/texmfs/install/tex/lat
ex/pgf/compatibility/pgfcomp-version-1-18.sty"
Package: pgfcomp-version-1-18 2019/04/04 v3.1.2 (3.1.2)
))
("/Users/mananvaswani/Library/Application Support/MiKTeX/texmfs/install/tex/lat
ex/pgf/utilities/pgffor.sty"
("/Users/mananvaswani/Library/Application Support/MiKTeX/texmfs/install/tex/lat
ex/pgf/utilities/pgfkeys.sty"
("/Users/mananvaswani/Library/Application Support/MiKTeX/texmfs/install/tex/gen
eric/pgf/utilities/pgfkeys.code.tex"))
("/Users/mananvaswani/Library/Application Support/MiKTeX/texmfs/install/tex/lat
ex/pgf/math/pgfmath.sty"
("/Users/mananvaswani/Library/Application Support/MiKTeX/texmfs/install/tex/gen
eric/pgf/math/pgfmath.code.tex"))
("/Users/mananvaswani/Library/Application Support/MiKTeX/texmfs/install/tex/gen
eric/pgf/utilities/pgffor.code.tex"
Package: pgffor 2019/04/04 v3.1.2 (3.1.2)

("/Users/mananvaswani/Library/Application Support/MiKTeX/texmfs/install/tex/gen
eric/pgf/math/pgfmath.code.tex")
\pgffor@iter=\dimen151
\pgffor@skip=\dimen152
\pgffor@stack=\toks38
\pgffor@toks=\toks39
))
("/Users/mananvaswani/Library/Application Support/MiKTeX/texmfs/install/tex/gen
eric/pgf/frontendlayer/tikz/tikz.code.tex"
Package: tikz 2019/04/04 v3.1.2 (3.1.2)

("/Users/mananvaswani/Library/Application Support/MiKTeX/texmfs/install/tex/gen
eric/pgf/libraries/pgflibraryplothandlers.code.tex"
File: pgflibraryplothandlers.code.tex 2019/04/04 v3.1.2 (3.1.2)
\pgf@plot@mark@count=\count112
\pgfplotmarksize=\dimen153
)
\tikz@lastx=\dimen154
\tikz@lasty=\dimen155
\tikz@lastxsaved=\dimen156
\tikz@lastysaved=\dimen157
\tikzleveldistance=\dimen158
\tikzsiblingdistance=\dimen159
\tikz@figbox=\box36
\tikz@figbox@bg=\box37
\tikz@tempbox=\box38
\tikz@tempbox@bg=\box39
\tikztreelevel=\count113
\tikznumberofchildren=\count114
\tikznumberofcurrentchild=\count115
\tikz@fig@count=\count116

("/Users/mananvaswani/Library/Application Support/MiKTeX/texmfs/install/tex/gen
eric/pgf/modules/pgfmodulematrix.code.tex"
File: pgfmodulematrix.code.tex 2019/04/04 v3.1.2 (3.1.2)
\pgfmatrixcurrentrow=\count117
\pgfmatrixcurrentcolumn=\count118
\pgf@matrix@numberofcolumns=\count119
)
\tikz@expandcount=\count120

("/Users/mananvaswani/Library/Application Support/MiKTeX/texmfs/install/tex/gen
eric/pgf/frontendlayer/tikz/libraries/tikzlibrarytopaths.code.tex"
File: tikzlibrarytopaths.code.tex 2019/04/04 v3.1.2 (3.1.2)
)))
("/Users/mananvaswani/Library/Application Support/MiKTeX/texmfs/install/tex/lat
ex/capt-of/capt-of.sty"
Package: capt-of 2009/12/29 v0.2 standard captions outside of floats
)
("/Users/mananvaswani/Library/Application Support/MiKTeX/texmfs/install/tex/gen
eric/pgf/frontendlayer/tikz/libraries/tikzlibraryquotes.code.tex"
File: tikzlibraryquotes.code.tex 2019/04/04 v3.1.2 (3.1.2)
)
("/Users/mananvaswani/Library/Application Support/MiKTeX/texmfs/install/tex/gen
eric/pgf/frontendlayer/tikz/libraries/tikzlibraryangles.code.tex"
File: tikzlibraryangles.code.tex 2019/04/04 v3.1.2 (3.1.2)
)
("/Users/mananvaswani/Library/Application Support/MiKTeX/texmfs/install/tex/gen
eric/pgf/frontendlayer/tikz/libraries/tikzlibraryarrows.code.tex"
File: tikzlibraryarrows.code.tex 2019/04/04 v3.1.2 (3.1.2)

("/Users/mananvaswani/Library/Application Support/MiKTeX/texmfs/install/tex/gen
eric/pgf/libraries/pgflibraryarrows.code.tex"
File: pgflibraryarrows.code.tex 2019/04/04 v3.1.2 (3.1.2)
\arrowsize=\dimen160
))
("/Users/mananvaswani/Library/Application Support/MiKTeX/texmfs/install/tex/lat
ex/jknappen/mathrsfs.sty"
Package: mathrsfs 1996/01/01 Math RSFS package v1.0 (jk)
\symrsfs=\mathgroup6
)
("/Users/mananvaswani/Library/Application Support/MiKTeX/texmfs/install/tex/lat
ex/float/float.sty"
Package: float 2001/11/08 v1.3d Float enhancements (AL)
\c@float@type=\count121
\float@exts=\toks40
\float@box=\box40
\@float@everytoks=\toks41
\@floatcapt=\box41
)
("/Users/mananvaswani/Library/Application Support/MiKTeX/texmfs/install/tex/lat
ex/tocbibind/tocbibind.sty"
Package: tocbibind 2010/10/13 v1.5k extra ToC listings
Package tocbibind Info: The document has section divisions on input line 50.


Package tocbibind Note: Using section or other style headings.

)
("/Users/mananvaswani/Library/Application Support/MiKTeX/texmfs/install/tex/lat
ex/mathtools/mathtools.sty"
Package: mathtools 2018/01/08 v1.21 mathematical typesetting tools

("/Users/mananvaswani/Library/Application Support/MiKTeX/texmfs/install/tex/lat
ex/tools/calc.sty"
Package: calc 2017/05/25 v4.3 Infix arithmetic (KKT,FJ)
\calc@Acount=\count122
\calc@Bcount=\count123
\calc@Adimen=\dimen161
\calc@Bdimen=\dimen162
\calc@Askip=\skip49
\calc@Bskip=\skip50
LaTeX Info: Redefining \setlength on input line 80.
LaTeX Info: Redefining \addtolength on input line 81.
\calc@Ccount=\count124
\calc@Cskip=\skip51
)
("/Users/mananvaswani/Library/Application Support/MiKTeX/texmfs/install/tex/lat
ex/mathtools/mhsetup.sty"
Package: mhsetup 2017/03/31 v1.3 programming setup (MH)
)
LaTeX Info: Thecontrolsequence`\('isalreadyrobust on input line 129.
LaTeX Info: Thecontrolsequence`\)'isalreadyrobust on input line 129.
LaTeX Info: Thecontrolsequence`\['isalreadyrobust on input line 129.
LaTeX Info: Thecontrolsequence`\]'isalreadyrobust on input line 129.
\g_MT_multlinerow_int=\count125
\l_MT_multwidth_dim=\dimen163
\origjot=\skip52
\l_MT_shortvdotswithinadjustabove_dim=\dimen164
\l_MT_shortvdotswithinadjustbelow_dim=\dimen165
\l_MT_above_intertext_sep=\dimen166
\l_MT_below_intertext_sep=\dimen167
\l_MT_above_shortintertext_sep=\dimen168
\l_MT_below_shortintertext_sep=\dimen169
)
("/Users/mananvaswani/Library/Application Support/MiKTeX/texmfs/install/tex/lat
ex/complexity/complexity.sty"
Package: complexity 09/16/17  v0.81a

("/Users/mananvaswani/Library/Application Support/MiKTeX/texmfs/install/tex/lat
ex/base/ifthen.sty"
Package: ifthen 2014/09/29 v1.1c Standard LaTeX ifthen package (DPC)
)
("/Users/mananvaswani/Library/Application Support/MiKTeX/texmfs/install/tex/lat
ex/complexity/mycomplexity.sty"))
("/Users/mananvaswani/Library/Application Support/MiKTeX/texmfs/install/tex/lat
ex/algorithms/algorithm.sty"
Package: algorithm 2009/08/24 v0.1 Document Style `algorithm' - floating enviro
nment
\@float@every@algorithm=\toks42
\c@algorithm=\count126
)
("/Users/mananvaswani/Library/Application Support/MiKTeX/texmfs/install/tex/lat
ex/algorithmicx/algpseudocode.sty"
Package: algpseudocode 

("/Users/mananvaswani/Library/Application Support/MiKTeX/texmfs/install/tex/lat
ex/algorithmicx/algorithmicx.sty"
Package: algorithmicx 2005/04/27 v1.2 Algorithmicx

Document Style algorithmicx 1.2 - a greatly improved `algorithmic' style
\c@ALG@line=\count127
\c@ALG@rem=\count128
\c@ALG@nested=\count129
\ALG@tlm=\skip53
\ALG@thistlm=\skip54
\c@ALG@Lnr=\count130
\c@ALG@blocknr=\count131
\c@ALG@storecount=\count132
\c@ALG@tmpcounter=\count133
\ALG@tmplength=\skip55
)
Document Style - pseudocode environments for use with the `algorithmicx' style
)
("/Users/mananvaswani/Library/Application Support/MiKTeX/texmfs/install/tex/lat
ex/listings/listings.sty"
\lst@mode=\count134
\lst@gtempboxa=\box42
\lst@token=\toks43
\lst@length=\count135
\lst@currlwidth=\dimen170
\lst@column=\count136
\lst@pos=\count137
\lst@lostspace=\dimen171
\lst@width=\dimen172
\lst@newlines=\count138
\lst@lineno=\count139
\lst@maxwidth=\dimen173

("/Users/mananvaswani/Library/Application Support/MiKTeX/texmfs/install/tex/lat
ex/listings/lstmisc.sty"
File: lstmisc.sty 2019/02/27 1.8b (Carsten Heinz)
\c@lstnumber=\count140
\lst@skipnumbers=\count141
\lst@framebox=\box43
)
("/Users/mananvaswani/Library/Application Support/MiKTeX/texmfs/install/tex/lat
ex/listings/listings.cfg"
File: listings.cfg 2019/02/27 1.8b listings configuration
))
Package: listings 2019/02/27 1.8b (Carsten Heinz)

("/Users/mananvaswani/Library/Application Support/MiKTeX/texmfs/install/tex/lat
ex/minted/minted.sty"
Package: minted 2017/07/19 v2.5 Yet another Pygments shim for LaTeX

("/Users/mananvaswani/Library/Application Support/MiKTeX/texmfs/install/tex/lat
ex/oberdiek/kvoptions.sty"
Package: kvoptions 2016/05/16 v3.12 Key value format for package options (HO)

("/Users/mananvaswani/Library/Application Support/MiKTeX/texmfs/install/tex/gen
eric/oberdiek/ltxcmds.sty"
Package: ltxcmds 2016/05/16 v1.23 LaTeX kernel commands for general use (HO)
)
("/Users/mananvaswani/Library/Application Support/MiKTeX/texmfs/install/tex/gen
eric/oberdiek/kvsetkeys.sty"
Package: kvsetkeys 2016/05/16 v1.17 Key value parser (HO)

("/Users/mananvaswani/Library/Application Support/MiKTeX/texmfs/install/tex/gen
eric/oberdiek/infwarerr.sty"
Package: infwarerr 2016/05/16 v1.4 Providing info/warning/error messages (HO)
)
("/Users/mananvaswani/Library/Application Support/MiKTeX/texmfs/install/tex/gen
eric/oberdiek/etexcmds.sty"
Package: etexcmds 2016/05/16 v1.6 Avoid name clashes with e-TeX commands (HO)

("/Users/mananvaswani/Library/Application Support/MiKTeX/texmfs/install/tex/gen
eric/oberdiek/ifluatex.sty"
Package: ifluatex 2016/05/16 v1.4 Provides the ifluatex switch (HO)
Package ifluatex Info: LuaTeX not detected.
))))
("/Users/mananvaswani/Library/Application Support/MiKTeX/texmfs/install/tex/lat
ex/fvextra/fvextra.sty"
Package: fvextra 2019/02/04 v1.4 fvextra - extensions and patches for fancyvrb

("/Users/mananvaswani/Library/Application Support/MiKTeX/texmfs/install/tex/lat
ex/etoolbox/etoolbox.sty"
Package: etoolbox 2018/08/19 v2.5f e-TeX tools for LaTeX (JAW)
\etb@tempcnta=\count142
)
("/Users/mananvaswani/Library/Application Support/MiKTeX/texmfs/install/tex/lat
ex/fancyvrb/fancyvrb.sty"
Package: fancyvrb 2019/01/15
 Style option: `fancyvrb' v3.2a <2019/01/15> (tvz)
\FV@CodeLineNo=\count143
\FV@InFile=\read2
\FV@TabBox=\box44
\c@FancyVerbLine=\count144
\FV@StepNumber=\count145
\FV@OutFile=\write4
)
("/Users/mananvaswani/Library/Application Support/MiKTeX/texmfs/install/tex/lat
ex/upquote/upquote.sty"
Package: upquote 2012/04/19 v1.3 upright-quote and grave-accent glyphs in verba
tim
)
("/Users/mananvaswani/Library/Application Support/MiKTeX/texmfs/install/tex/lat
ex/lineno/lineno.sty"
Package: lineno 2005/11/02 line numbers on paragraphs v4.41
\linenopenalty=\count146
\output=\toks44
\linenoprevgraf=\count147
\linenumbersep=\dimen174
\linenumberwidth=\dimen175
\c@linenumber=\count148
\c@pagewiselinenumber=\count149
\c@LN@truepage=\count150
\c@internallinenumber=\count151
\c@internallinenumbers=\count152
\quotelinenumbersep=\dimen176
\bframerule=\dimen177
\bframesep=\dimen178
\bframebox=\box45
LaTeX Info: Redefining \\ on input line 3056.
)
\c@FV@TrueTabGroupLevel=\count153
\c@FV@TrueTabCounter=\count154
\FV@TabBox@Group=\box46
\FV@TmpLength=\skip56
\c@FV@HighlightLinesStart=\count155
\c@FV@HighlightLinesStop=\count156
\FV@LoopCount=\count157
\FV@NCharsBox=\box47
\FV@BreakIndent=\dimen179
\FV@BreakIndentNChars=\count158
\FV@BreakSymbolSepLeft=\dimen180
\FV@BreakSymbolSepLeftNChars=\count159
\FV@BreakSymbolSepRight=\dimen181
\FV@BreakSymbolSepRightNChars=\count160
\FV@BreakSymbolIndentLeft=\dimen182
\FV@BreakSymbolIndentLeftNChars=\count161
\FV@BreakSymbolIndentRight=\dimen183
\FV@BreakSymbolIndentRightNChars=\count162
\c@FancyVerbLineBreakLast=\count163
\FV@LineBox=\box48
\FV@LineIndentBox=\box49
\FV@LineWidth=\dimen184
)
("/Users/mananvaswani/Library/Application Support/MiKTeX/texmfs/install/tex/lat
ex/tools/shellesc.sty"
Package: shellesc 2016/06/07 v0.02a unified shell escape interface for LaTeX
Package shellesc Info: Unrestricted shell escape enabled on input line 67.
)
("/Users/mananvaswani/Library/Application Support/MiKTeX/texmfs/install/tex/lat
ex/ifplatform/ifplatform.sty"
Package: ifplatform 2017/10/13 v0.4a Testing for the operating system

("/Users/mananvaswani/Library/Application Support/MiKTeX/texmfs/install/tex/gen
eric/oberdiek/pdftexcmds.sty"
Package: pdftexcmds 2018/09/10 v0.29 Utility functions of pdfTeX for LuaTeX (HO
)

("/Users/mananvaswani/Library/Application Support/MiKTeX/texmfs/install/tex/gen
eric/oberdiek/ifpdf.sty"
Package: ifpdf 2018/09/07 v3.3 Provides the ifpdf switch
)
Package pdftexcmds Info: LuaTeX not detected.
Package pdftexcmds Info: \pdf@primitive is available.
Package pdftexcmds Info: \pdf@ifprimitive is available.
Package pdftexcmds Info: \pdfdraftmode found.
)
("/Users/mananvaswani/Library/Application Support/MiKTeX/texmfs/install/tex/gen
eric/oberdiek/catchfile.sty"
Package: catchfile 2016/05/16 v1.7 Catch the contents of a file (HO)
)
runsystem(uname -s > "dissertation_manan_vaswani.w18")...executed.

 (dissertation_manan_vaswani.w18)
runsystem(rm -- "dissertation_manan_vaswani.w18")...executed.

)
("/Users/mananvaswani/Library/Application Support/MiKTeX/texmfs/install/tex/lat
ex/xstring/xstring.sty"
("/Users/mananvaswani/Library/Application Support/MiKTeX/texmfs/install/tex/gen
eric/xstring/xstring.tex"
\integerpart=\count164
\decimalpart=\count165
)
Package: xstring 2019/02/06 v1.83 String manipulations (CT)
)
("/Users/mananvaswani/Library/Application Support/MiKTeX/texmfs/install/tex/lat
ex/framed/framed.sty"
Package: framed 2011/10/22 v 0.96: framed or shaded text with page breaks
\OuterFrameSep=\skip57
\fb@frw=\dimen185
\fb@frh=\dimen186
\FrameRule=\dimen187
\FrameSep=\dimen188
)
\minted@appexistsfile=\read3
\minted@bgbox=\box50
\minted@code=\write5
\c@minted@FancyVerbLineTemp=\count166
\c@minted@pygmentizecounter=\count167
\@float@every@listing=\toks45
\c@listing=\count168
)
runsystem(mkdir -p _minted-dissertation_manan_vaswani)...executed.


("/Users/mananvaswani/Library/Application Support/MiKTeX/texmfs/install/tex/lat
ex/adjustbox/adjustbox.sty"
Package: adjustbox 2019/01/04 v1.2 Adjusting TeX boxes (trim, clip, ...)

("/Users/mananvaswani/Library/Application Support/MiKTeX/texmfs/install/tex/lat
ex/xkeyval/xkeyval.sty"
Package: xkeyval 2014/12/03 v2.7a package option processing (HA)

("/Users/mananvaswani/Library/Application Support/MiKTeX/texmfs/install/tex/gen
eric/xkeyval/xkeyval.tex"
("/Users/mananvaswani/Library/Application Support/MiKTeX/texmfs/install/tex/gen
eric/xkeyval/xkvutils.tex"
\XKV@toks=\toks46
\XKV@tempa@toks=\toks47
)
\XKV@depth=\count169
File: xkeyval.tex 2014/12/03 v2.7a key=value parser (HA)
))
("/Users/mananvaswani/Library/Application Support/MiKTeX/texmfs/install/tex/lat
ex/adjustbox/adjcalc.sty"
Package: adjcalc 2012/05/16 v1.1 Provides advanced setlength with multiple back
-ends (calc, etex, pgfmath)
)
("/Users/mananvaswani/Library/Application Support/MiKTeX/texmfs/install/tex/lat
ex/adjustbox/trimclip.sty"
Package: trimclip 2018/04/08 v1.1 Trim and clip general TeX material

("/Users/mananvaswani/Library/Application Support/MiKTeX/texmfs/install/tex/lat
ex/collectbox/collectbox.sty"
Package: collectbox 2012/05/17 v0.4b Collect macro arguments as boxes
\collectedbox=\box51
)
\tc@llx=\dimen189
\tc@lly=\dimen190
\tc@urx=\dimen191
\tc@ury=\dimen192
Package trimclip Info: Using driver 'tc-pdftex.def'.

("/Users/mananvaswani/Library/Application Support/MiKTeX/texmfs/install/tex/lat
ex/adjustbox/tc-pdftex.def"
File: tc-pdftex.def 2019/01/04 v2.2 Clipping driver for pdftex
))
\adjbox@Width=\dimen193
\adjbox@Height=\dimen194
\adjbox@Depth=\dimen195
\adjbox@Totalheight=\dimen196
\adjbox@pwidth=\dimen197
\adjbox@pheight=\dimen198
\adjbox@pdepth=\dimen199
\adjbox@ptotalheight=\dimen256

("/Users/mananvaswani/Library/Application Support/MiKTeX/texmfs/install/tex/lat
ex/ifoddpage/ifoddpage.sty"
Package: ifoddpage 2016/04/23 v1.1 Conditionals for odd/even page detection
\c@checkoddpage=\count170
)
("/Users/mananvaswani/Library/Application Support/MiKTeX/texmfs/install/tex/lat
ex/varwidth/varwidth.sty"
Package: varwidth 2009/03/30 ver 0.92;  Variable-width minipages
\@vwid@box=\box52
\sift@deathcycles=\count171
\@vwid@loff=\dimen257
\@vwid@roff=\dimen258
))

Package amsthm Warning: Unknown theoremstyle `theorem' on input line 25.

\c@theorem=\count172

("/Users/mananvaswani/Library/Application Support/MiKTeX/texmfs/install/tex/lat
ex/geometry/geometry.sty"
Package: geometry 2018/04/16 v5.8 Page Geometry

("/Users/mananvaswani/Library/Application Support/MiKTeX/texmfs/install/tex/gen
eric/oberdiek/ifvtex.sty"
Package: ifvtex 2016/05/16 v1.6 Detect VTeX and its facilities (HO)
Package ifvtex Info: VTeX not detected.
)
("/Users/mananvaswani/Library/Application Support/MiKTeX/texmfs/install/tex/gen
eric/ifxetex/ifxetex.sty"
Package: ifxetex 2010/09/12 v0.6 Provides ifxetex conditional
)
\Gm@cnth=\count173
\Gm@cntv=\count174
\c@Gm@tempcnt=\count175
\Gm@bindingoffset=\dimen259
\Gm@wd@mp=\dimen260
\Gm@odd@mp=\dimen261
\Gm@even@mp=\dimen262
\Gm@layoutwidth=\dimen263
\Gm@layoutheight=\dimen264
\Gm@layouthoffset=\dimen265
\Gm@layoutvoffset=\dimen266
\Gm@dimlist=\toks48

("/Users/mananvaswani/Library/Application Support/MiKTeX/texmfs/install/tex/lat
ex/geometry/geometry.cfg"))
runsystem(which pygmentize && touch dissertation_manan_vaswani.aex)...executed.

runsystem(rm dissertation_manan_vaswani.aex)...executed.

 (dissertation_manan_vaswani.aux)
\openout1 = `dissertation_manan_vaswani.aux'.

LaTeX Font Info:    Checking defaults for OML/cmm/m/it on input line 52.
LaTeX Font Info:    ... okay on input line 52.
LaTeX Font Info:    Checking defaults for T1/cmr/m/n on input line 52.
LaTeX Font Info:    ... okay on input line 52.
LaTeX Font Info:    Checking defaults for OT1/cmr/m/n on input line 52.
LaTeX Font Info:    ... okay on input line 52.
LaTeX Font Info:    Checking defaults for OMS/cmsy/m/n on input line 52.
LaTeX Font Info:    ... okay on input line 52.
LaTeX Font Info:    Checking defaults for OMX/cmex/m/n on input line 52.
LaTeX Font Info:    ... okay on input line 52.
LaTeX Font Info:    Checking defaults for U/cmr/m/n on input line 52.
LaTeX Font Info:    ... okay on input line 52.

ABD: EveryShipout initializing macros
("/Users/mananvaswani/Library/Application Support/MiKTeX/texmfs/install/tex/con
text/base/mkii/supp-pdf.mkii"
[Loading MPS to PDF converter (version 2006.09.02).]
\scratchcounter=\count176
\scratchdimen=\dimen267
\scratchbox=\box53
\nofMPsegments=\count177
\nofMParguments=\count178
\everyMPshowfont=\toks49
\MPscratchCnt=\count179
\MPscratchDim=\dimen268
\MPnumerator=\count180
\makeMPintoPDFobject=\count181
\everyMPtoPDFconversion=\toks50
)
("/Users/mananvaswani/Library/Application Support/MiKTeX/texmfs/install/tex/lat
ex/oberdiek/epstopdf-base.sty"
Package: epstopdf-base 2016/05/15 v2.6 Base part for package epstopdf

("/Users/mananvaswani/Library/Application Support/MiKTeX/texmfs/install/tex/lat
ex/oberdiek/grfext.sty"
Package: grfext 2016/05/16 v1.2 Manage graphics extensions (HO)

("/Users/mananvaswani/Library/Application Support/MiKTeX/texmfs/install/tex/gen
eric/oberdiek/kvdefinekeys.sty"
Package: kvdefinekeys 2016/05/16 v1.4 Define keys (HO)
))
Package epstopdf-base Info: Redefining graphics rule for `.eps' on input line 4
38.
Package grfext Info: Graphics extension search list:
(grfext)             [.pdf,.png,.jpg,.mps,.jpeg,.jbig2,.jb2,.PDF,.PNG,.JPG,.JPE
G,.JBIG2,.JB2,.eps]
(grfext)             \AppendGraphicsExtensions on input line 456.
)
("/Users/mananvaswani/Library/Application Support/MiKTeX/texmfs/install/tex/lat
ex/base/textcomp.sty"
Package: textcomp 2018/08/11 v2.0j Standard LaTeX package
Package textcomp Info: Sub-encoding information:
(textcomp)               5 = only ISO-Adobe without \textcurrency
(textcomp)               4 = 5 + \texteuro
(textcomp)               3 = 4 + \textohm
(textcomp)               2 = 3 + \textestimated + \textcurrency
(textcomp)               1 = TS1 - \textcircled - \t
(textcomp)               0 = TS1 (full)
(textcomp)             Font families with sub-encoding setting implement
(textcomp)             only a restricted character set as indicated.
(textcomp)             Family '?' is the default used for unknown fonts.
(textcomp)             See the documentation for details.
Package textcomp Info: Setting ? sub-encoding to TS1/1 on input line 79.

("/Users/mananvaswani/Library/Application Support/MiKTeX/texmfs/install/tex/lat
ex/base/ts1enc.def"
File: ts1enc.def 2001/06/05 v3.0e (jk/car/fm) Standard LaTeX file
Now handling font encoding TS1 ...
... processing UTF-8 mapping file for font encoding TS1

("/Users/mananvaswani/Library/Application Support/MiKTeX/texmfs/install/tex/lat
ex/base/ts1enc.dfu"
File: ts1enc.dfu 2018/10/05 v1.2f UTF-8 support for inputenc
   defining Unicode char U+00A2 (decimal 162)
   defining Unicode char U+00A3 (decimal 163)
   defining Unicode char U+00A4 (decimal 164)
   defining Unicode char U+00A5 (decimal 165)
   defining Unicode char U+00A6 (decimal 166)
   defining Unicode char U+00A7 (decimal 167)
   defining Unicode char U+00A8 (decimal 168)
   defining Unicode char U+00A9 (decimal 169)
   defining Unicode char U+00AA (decimal 170)
   defining Unicode char U+00AC (decimal 172)
   defining Unicode char U+00AE (decimal 174)
   defining Unicode char U+00AF (decimal 175)
   defining Unicode char U+00B0 (decimal 176)
   defining Unicode char U+00B1 (decimal 177)
   defining Unicode char U+00B2 (decimal 178)
   defining Unicode char U+00B3 (decimal 179)
   defining Unicode char U+00B4 (decimal 180)
   defining Unicode char U+00B5 (decimal 181)
   defining Unicode char U+00B6 (decimal 182)
   defining Unicode char U+00B7 (decimal 183)
   defining Unicode char U+00B9 (decimal 185)
   defining Unicode char U+00BA (decimal 186)
   defining Unicode char U+00BC (decimal 188)
   defining Unicode char U+00BD (decimal 189)
   defining Unicode char U+00BE (decimal 190)
   defining Unicode char U+00D7 (decimal 215)
   defining Unicode char U+00F7 (decimal 247)
   defining Unicode char U+0192 (decimal 402)
   defining Unicode char U+02C7 (decimal 711)
   defining Unicode char U+02D8 (decimal 728)
   defining Unicode char U+02DD (decimal 733)
   defining Unicode char U+0E3F (decimal 3647)
   defining Unicode char U+2016 (decimal 8214)
   defining Unicode char U+2020 (decimal 8224)
   defining Unicode char U+2021 (decimal 8225)
   defining Unicode char U+2022 (decimal 8226)
   defining Unicode char U+2030 (decimal 8240)
   defining Unicode char U+2031 (decimal 8241)
   defining Unicode char U+203B (decimal 8251)
   defining Unicode char U+203D (decimal 8253)
   defining Unicode char U+2044 (decimal 8260)
   defining Unicode char U+204E (decimal 8270)
   defining Unicode char U+2052 (decimal 8274)
   defining Unicode char U+20A1 (decimal 8353)
   defining Unicode char U+20A4 (decimal 8356)
   defining Unicode char U+20A6 (decimal 8358)
   defining Unicode char U+20A9 (decimal 8361)
   defining Unicode char U+20AB (decimal 8363)
   defining Unicode char U+20AC (decimal 8364)
   defining Unicode char U+20B1 (decimal 8369)
   defining Unicode char U+2103 (decimal 8451)
   defining Unicode char U+2116 (decimal 8470)
   defining Unicode char U+2117 (decimal 8471)
   defining Unicode char U+211E (decimal 8478)
   defining Unicode char U+2120 (decimal 8480)
   defining Unicode char U+2122 (decimal 8482)
   defining Unicode char U+2126 (decimal 8486)
   defining Unicode char U+2127 (decimal 8487)
   defining Unicode char U+212E (decimal 8494)
   defining Unicode char U+2190 (decimal 8592)
   defining Unicode char U+2191 (decimal 8593)
   defining Unicode char U+2192 (decimal 8594)
   defining Unicode char U+2193 (decimal 8595)
   defining Unicode char U+2329 (decimal 9001)
   defining Unicode char U+232A (decimal 9002)
   defining Unicode char U+2422 (decimal 9250)
   defining Unicode char U+25E6 (decimal 9702)
   defining Unicode char U+25EF (decimal 9711)
   defining Unicode char U+266A (decimal 9834)
   defining Unicode char U+FEFF (decimal 65279)
))
LaTeX Info: Redefining \oldstylenums on input line 334.
Package textcomp Info: Setting cmr sub-encoding to TS1/0 on input line 349.
Package textcomp Info: Setting cmss sub-encoding to TS1/0 on input line 350.
Package textcomp Info: Setting cmtt sub-encoding to TS1/0 on input line 351.
Package textcomp Info: Setting cmvtt sub-encoding to TS1/0 on input line 352.
Package textcomp Info: Setting cmbr sub-encoding to TS1/0 on input line 353.
Package textcomp Info: Setting cmtl sub-encoding to TS1/0 on input line 354.
Package textcomp Info: Setting ccr sub-encoding to TS1/0 on input line 355.
Package textcomp Info: Setting ptm sub-encoding to TS1/4 on input line 356.
Package textcomp Info: Setting pcr sub-encoding to TS1/4 on input line 357.
Package textcomp Info: Setting phv sub-encoding to TS1/4 on input line 358.
Package textcomp Info: Setting ppl sub-encoding to TS1/3 on input line 359.
Package textcomp Info: Setting pag sub-encoding to TS1/4 on input line 360.
Package textcomp Info: Setting pbk sub-encoding to TS1/4 on input line 361.
Package textcomp Info: Setting pnc sub-encoding to TS1/4 on input line 362.
Package textcomp Info: Setting pzc sub-encoding to TS1/4 on input line 363.
Package textcomp Info: Setting bch sub-encoding to TS1/4 on input line 364.
Package textcomp Info: Setting put sub-encoding to TS1/5 on input line 365.
Package textcomp Info: Setting uag sub-encoding to TS1/5 on input line 366.
Package textcomp Info: Setting ugq sub-encoding to TS1/5 on input line 367.
Package textcomp Info: Setting ul8 sub-encoding to TS1/4 on input line 368.
Package textcomp Info: Setting ul9 sub-encoding to TS1/4 on input line 369.
Package textcomp Info: Setting augie sub-encoding to TS1/5 on input line 370.
Package textcomp Info: Setting dayrom sub-encoding to TS1/3 on input line 371.
Package textcomp Info: Setting dayroms sub-encoding to TS1/3 on input line 372.

Package textcomp Info: Setting pxr sub-encoding to TS1/0 on input line 373.
Package textcomp Info: Setting pxss sub-encoding to TS1/0 on input line 374.
Package textcomp Info: Setting pxtt sub-encoding to TS1/0 on input line 375.
Package textcomp Info: Setting txr sub-encoding to TS1/0 on input line 376.
Package textcomp Info: Setting txss sub-encoding to TS1/0 on input line 377.
Package textcomp Info: Setting txtt sub-encoding to TS1/0 on input line 378.
Package textcomp Info: Setting lmr sub-encoding to TS1/0 on input line 379.
Package textcomp Info: Setting lmdh sub-encoding to TS1/0 on input line 380.
Package textcomp Info: Setting lmss sub-encoding to TS1/0 on input line 381.
Package textcomp Info: Setting lmssq sub-encoding to TS1/0 on input line 382.
Package textcomp Info: Setting lmvtt sub-encoding to TS1/0 on input line 383.
Package textcomp Info: Setting lmtt sub-encoding to TS1/0 on input line 384.
Package textcomp Info: Setting qhv sub-encoding to TS1/0 on input line 385.
Package textcomp Info: Setting qag sub-encoding to TS1/0 on input line 386.
Package textcomp Info: Setting qbk sub-encoding to TS1/0 on input line 387.
Package textcomp Info: Setting qcr sub-encoding to TS1/0 on input line 388.
Package textcomp Info: Setting qcs sub-encoding to TS1/0 on input line 389.
Package textcomp Info: Setting qpl sub-encoding to TS1/0 on input line 390.
Package textcomp Info: Setting qtm sub-encoding to TS1/0 on input line 391.
Package textcomp Info: Setting qzc sub-encoding to TS1/0 on input line 392.
Package textcomp Info: Setting qhvc sub-encoding to TS1/0 on input line 393.
Package textcomp Info: Setting futs sub-encoding to TS1/4 on input line 394.
Package textcomp Info: Setting futx sub-encoding to TS1/4 on input line 395.
Package textcomp Info: Setting futj sub-encoding to TS1/4 on input line 396.
Package textcomp Info: Setting hlh sub-encoding to TS1/3 on input line 397.
Package textcomp Info: Setting hls sub-encoding to TS1/3 on input line 398.
Package textcomp Info: Setting hlst sub-encoding to TS1/3 on input line 399.
Package textcomp Info: Setting hlct sub-encoding to TS1/5 on input line 400.
Package textcomp Info: Setting hlx sub-encoding to TS1/5 on input line 401.
Package textcomp Info: Setting hlce sub-encoding to TS1/5 on input line 402.
Package textcomp Info: Setting hlcn sub-encoding to TS1/5 on input line 403.
Package textcomp Info: Setting hlcw sub-encoding to TS1/5 on input line 404.
Package textcomp Info: Setting hlcf sub-encoding to TS1/5 on input line 405.
Package textcomp Info: Setting pplx sub-encoding to TS1/3 on input line 406.
Package textcomp Info: Setting pplj sub-encoding to TS1/3 on input line 407.
Package textcomp Info: Setting ptmx sub-encoding to TS1/4 on input line 408.
Package textcomp Info: Setting ptmj sub-encoding to TS1/4 on input line 409.
)
\c@lstlisting=\count182

*geometry* driver: auto-detecting
*geometry* detected driver: pdftex
*geometry* verbose mode - [ preamble ] result:
* driver: pdftex
* paper: <default>
* layout: <same size as paper>
* layoutoffset:(h,v)=(0.0pt,0.0pt)
* modes: 
* h-part:(L,W,R)=(99.58464pt, 415.12572pt, 99.58464pt)
* v-part:(T,H,B)=(99.58464pt, 595.8007pt, 99.58464pt)
* \paperwidth=614.295pt
* \paperheight=794.96999pt
* \textwidth=415.12572pt
* \textheight=595.8007pt
* \oddsidemargin=27.31465pt
* \evensidemargin=27.31465pt
* \topmargin=-9.68535pt
* \headheight=12.0pt
* \headsep=25.0pt
* \topskip=11.0pt
* \footskip=30.0pt
* \marginparwidth=59.0pt
* \marginparsep=10.0pt
* \columnsep=10.0pt
* \skip\footins=10.0pt plus 4.0pt minus 2.0pt
* \hoffset=0.0pt
* \voffset=0.0pt
* \mag=1000
* \@twocolumnfalse
* \@twosidefalse
* \@mparswitchfalse
* \@reversemarginfalse
* (1in=72.27pt=25.4mm, 1cm=28.453pt)

[1

{/Users/mananvaswani/Library/Application Support/MiKTeX/texmfs/data/pdftex/conf
ig/pdftex.map}] [1] (dissertation_manan_vaswani.toc
LaTeX Font Info:    Try loading font information for U+msa on input line 4.

("/Users/mananvaswani/Library/Application Support/MiKTeX/texmfs/install/tex/lat
ex/amsfonts/umsa.fd"
File: umsa.fd 2013/01/14 v3.01 AMS symbols A
)
LaTeX Font Info:    Try loading font information for U+msb on input line 4.

("/Users/mananvaswani/Library/Application Support/MiKTeX/texmfs/install/tex/lat
ex/amsfonts/umsb.fd"
File: umsb.fd 2013/01/14 v3.01 AMS symbols B
)
LaTeX Font Info:    Try loading font information for U+rsfs on input line 4.

("/Users/mananvaswani/Library/Application Support/MiKTeX/texmfs/install/tex/lat
ex/jknappen/ursfs.fd"
File: ursfs.fd 1998/03/24 rsfs font definition file (jk)
) [2])
\tf@toc=\write6
\openout6 = `dissertation_manan_vaswani.toc'.

 [3]
Overfull \hbox (0.45773pt too wide) in paragraph at lines 89--90
\OT1/cmr/m/n/10.95 Numerous attempts have been made to demonstrate quantum supr
emacy but the current
 []


Overfull \hbox (4.74652pt too wide) in paragraph at lines 89--90
\OT1/cmr/m/n/10.95 physical limitations of quantum systems has made that an ext
remely challenging problem.
 []


Overfull \hbox (6.32527pt too wide) in paragraph at lines 91--92
[]\OT1/cmr/m/n/10.95 Linking back to Shor's algorithm and its potential to demo
nstrate quantum supremacy
 []


Overfull \hbox (2.49554pt too wide) in paragraph at lines 91--92
\OT1/cmr/m/n/10.95 and simultaneously disprove the Extended-Church Turing thesi
s, there are two significant
 []

[4]
<galton_board.png, id=28, 181.67876pt x 217.81375pt>
File: galton_board.png Graphic file (type png)
<use galton_board.png>
Package pdftex.def Info: galton_board.png  used on input line 107.
(pdftex.def)             Requested size: 138.37523pt x 165.90242pt.
 [5 <./galton_board.png>]
Overfull \hbox (0.85316pt too wide) in paragraph at lines 114--115
\OT1/cmr/m/n/10.95 involves sampling the output distribution using photon-numbe
r discriminating detectors.
 []


Overfull \hbox (12.59406pt too wide) in paragraph at lines 116--117
\OT1/cmr/m/n/10.95 model, the paper reduces the Boson Sampling problem to a pro
blem in purely mathematical
 []


Overfull \hbox (9.54935pt too wide) in paragraph at lines 120--121
[]\OT1/cmr/m/n/10.95 The Aaronson and Arkhipov paper provoked much interest in 
the classical computation
 []


Overfull \hbox (2.72885pt too wide) in paragraph at lines 120--121
\OT1/cmr/m/n/10.95 algorithm for Boson Sampling. Much of the work is focussed a
round fast implementations
 []


Overfull \hbox (4.40895pt too wide) in paragraph at lines 124--125
[]\OT1/cmr/m/n/10.95 However, in the groundbreaking paper by Clifford and Cliff
ord [[]], a new significantly
 []

[6] [7]
Overfull \hbox (37.16776pt too wide) in paragraph at lines 176--177
[]\OT1/cmr/m/n/10.95 Another formula that is as fast as Rysers was independentl
y derived by Balasubramanian[[]],
 []

[8] [9]
Overfull \hbox (2.2507pt too wide) in paragraph at lines 224--225
\OML/cmm/m/it/10.95 r[]$\OT1/cmr/m/n/10.95 , sort $(\OML/cmm/m/it/10.95 r[]; r[
]; :::; r[]\OT1/cmr/m/n/10.95 )$ in non-decreasing order, and that results in t
he array representation
 []


Overfull \hbox (9.04352pt too wide) in paragraph at lines 230--231
[]\OT1/cmr/m/n/10.95 Notice in equation 7[], we need to sample $\OML/cmm/m/it/1
0.95 r[]$ \OT1/cmr/m/n/10.95 from the conditional probability distribution
 []


LaTeX Warning: Command \O invalid in math mode on input line 236.

[10] [11]

LaTeX Warning: Command \O invalid in math mode on input line 288.


Overfull \hbox (24.17387pt too wide) in paragraph at lines 282--304
\OT1/cmr/m/n/10.95 where $\OML/cmm/m/it/10.95 \OT1/cmr/m/n/10.95 (\OML/cmm/m/i
t/10.95 r[]\OMS/cmsy/m/n/10.95 j\OML/cmm/m/it/10.95 r[]; :::r[]; \OT1/cmr/m/n/
10.95 ) = \OML/cmm/m/it/10.95 \OT1/cmr/m/n/10.95 (\OML/cmm/m/it/10.95 r[]; r[]
; :::r[]\OMS/cmsy/m/n/10.95 j\OML/cmm/m/it/10.95 \OT1/cmr/m/n/10.95 )\OML/cmm/
m/it/10.95 = [][] \OT1/cmr/m/n/10.95 (\OML/cmm/m/it/10.95 r[]; :::r[]\OMS/cmsy
/m/n/10.95 j\OML/cmm/m/it/10.95 \OT1/cmr/m/n/10.95 )$, using conditional proba
bilities
 []


Overfull \hbox (3.98305pt too wide) in paragraph at lines 282--304
\OT1/cmr/m/n/10.95 from $\OML/cmm/m/it/10.95 \OT1/cmr/m/n/10.95 (\OML/cmm/m/it
/10.95 r[]\OMS/cmsy/m/n/10.95 j\OML/cmm/m/it/10.95 r[]; :::r[]$ \OT1/cmr/m/n/10
.95 is equivalent to sampling from the numerator, which can be evaluated
 []

[12] [13]
\openout5 = `dissertation_manan_vaswani.pyg'.

 (_minted-dissertation_manan_vaswani/default-pyg-prefix.pygstyle)
(_minted-dissertation_manan_vaswani/default.pygstyle)
(_minted-dissertation_manan_vaswani/2A8F45B6FC1C9E2839E9427029E17F077C0A8BE9472
28FE10A120597CF7F0BAB.pygtex
LaTeX Font Info:    Font shape `OT1/cmtt/bx/n' in size <10.95> not available
(Font)              Font shape `OT1/cmtt/m/n' tried instead on input line 1.
)
\openout5 = `dissertation_manan_vaswani.pyg'.


(_minted-dissertation_manan_vaswani/A129CEDD75D5C885814A875EB83E33F17C0A8BE9472
28FE10A120597CF7F0BAB.pygtex)
LaTeX Font Info:    Try loading font information for TS1+cmr on input line 326.


("/Users/mananvaswani/Library/Application Support/MiKTeX/texmfs/install/tex/lat
ex/base/ts1cmr.fd"
File: ts1cmr.fd 2014/09/29 v2.5h Standard LaTeX font definitions
)
\openout5 = `dissertation_manan_vaswani.pyg'.


(_minted-dissertation_manan_vaswani/BF072E9119077B4E76437A93986787EF7C0A8BE9472
28FE10A120597CF7F0BAB.pygtex)
\openout5 = `dissertation_manan_vaswani.pyg'.


(_minted-dissertation_manan_vaswani/8F564BB92F52D206135D3BE24556986B7C0A8BE9472
28FE10A120597CF7F0BAB.pygtex)
\openout5 = `dissertation_manan_vaswani.pyg'.


(_minted-dissertation_manan_vaswani/9A55DBAA7DF2CE28A5DD29C835CE5F427C0A8BE9472
28FE10A120597CF7F0BAB.pygtex)
\openout5 = `dissertation_manan_vaswani.pyg'.


(_minted-dissertation_manan_vaswani/1159184937F1A52D70A06A50D63B59477C0A8BE9472
28FE10A120597CF7F0BAB.pygtex)
\openout5 = `dissertation_manan_vaswani.pyg'.


(_minted-dissertation_manan_vaswani/D68A3C40A6AE13BA675590270A28A3997C0A8BE9472
28FE10A120597CF7F0BAB.pygtex)
\openout5 = `dissertation_manan_vaswani.pyg'.


(_minted-dissertation_manan_vaswani/109CB5BFCBACEC91787F2EDA292F406C7C0A8BE9472
28FE10A120597CF7F0BAB.pygtex)
\openout5 = `dissertation_manan_vaswani.pyg'.


(_minted-dissertation_manan_vaswani/EFC67BB84D993B93621761205F1D21AF7C0A8BE9472
28FE10A120597CF7F0BAB.pygtex)
Overfull \hbox (4.9595pt too wide) in paragraph at lines 330--331
\OT1/cmr/m/n/10.95 distribution using the same input matrix $\OML/cmm/m/it/10.9
5 A$ \OT1/cmr/m/n/10.95 by repeatedly looping over the algorithm
 []

[14]
\openout5 = `dissertation_manan_vaswani.pyg'.


(_minted-dissertation_manan_vaswani/42C381262AA635DA1A71D2023C78CD5C7C0A8BE9472
28FE10A120597CF7F0BAB.pygtex)
\openout5 = `dissertation_manan_vaswani.pyg'.


(_minted-dissertation_manan_vaswani/54C586EC43518471270C6734851ECFC87C0A8BE9472
28FE10A120597CF7F0BAB.pygtex)
\openout5 = `dissertation_manan_vaswani.pyg'.


(_minted-dissertation_manan_vaswani/2A8F45B6FC1C9E2839E9427029E17F077C0A8BE9472
28FE10A120597CF7F0BAB.pygtex)
\openout5 = `dissertation_manan_vaswani.pyg'.


(_minted-dissertation_manan_vaswani/42C381262AA635DA1A71D2023C78CD5C7C0A8BE9472
28FE10A120597CF7F0BAB.pygtex)
\openout5 = `dissertation_manan_vaswani.pyg'.


(_minted-dissertation_manan_vaswani/2A8F45B6FC1C9E2839E9427029E17F077C0A8BE9472
28FE10A120597CF7F0BAB.pygtex)
\openout5 = `dissertation_manan_vaswani.pyg'.


(_minted-dissertation_manan_vaswani/42C381262AA635DA1A71D2023C78CD5C7C0A8BE9472
28FE10A120597CF7F0BAB.pygtex)
\openout5 = `dissertation_manan_vaswani.pyg'.


(_minted-dissertation_manan_vaswani/34959797D744009050C7971A45695CFA7C0A8BE9472
28FE10A120597CF7F0BAB.pygtex)
\openout5 = `dissertation_manan_vaswani.pyg'.


(_minted-dissertation_manan_vaswani/6F56742BF038E2448AEEE840B84A3AFA7C0A8BE9472
28FE10A120597CF7F0BAB.pygtex)
\openout5 = `dissertation_manan_vaswani.pyg'.


(_minted-dissertation_manan_vaswani/645D0AC840C62F57C46E38CEF15674267C0A8BE9472
28FE10A120597CF7F0BAB.pygtex)
\openout4 = `dissertation_manan_vaswani.pyg'.


(_minted-dissertation_manan_vaswani/0459F18D4533013DC30626C7161EC5C1A94FD241081
5947246E6D971BF228B41.pygtex [15])
LaTeX Font Info:    Font shape `OT1/cmtt/bx/n' in size <12> not available
(Font)              Font shape `OT1/cmtt/m/n' tried instead on input line 358.

Overfull \hbox (13.27744pt too wide) in paragraph at lines 361--362
 \OT1/cmr/bx/n/10.95 Armadillo Library:[] \OT1/cmr/m/n/10.95 In the implementat
ion, we make extensive use of the C\OT1/cmtt/m/n/10.95 ++ \OT1/cmr/m/n/10.95 Ar
madillo
 []


Overfull \hbox (2.2422pt too wide) in paragraph at lines 361--362
\OT1/cmr/m/n/10.95 efficient implementations of matrix and vector operations. I
t greatly simplifies operations
 []

\openout5 = `dissertation_manan_vaswani.pyg'.


(_minted-dissertation_manan_vaswani/A69D6B70A3287BE11B07CBED4B5F49314679612F5E4
B270DC0CF33EE3B3C54ED.pygtex)
\openout5 = `dissertation_manan_vaswani.pyg'.


(_minted-dissertation_manan_vaswani/A69D6B70A3287BE11B07CBED4B5F49314679612F5E4
B270DC0CF33EE3B3C54ED.pygtex) [16]
\openout5 = `dissertation_manan_vaswani.pyg'.


(_minted-dissertation_manan_vaswani/F14DBBCF225241D6CD9F55B7E8D62E034679612F5E4
B270DC0CF33EE3B3C54ED.pygtex)
\openout5 = `dissertation_manan_vaswani.pyg'.


(_minted-dissertation_manan_vaswani/69B64623F86DEF16CE17D454B8BE41AE4679612F5E4
B270DC0CF33EE3B3C54ED.pygtex)
\openout5 = `dissertation_manan_vaswani.pyg'.


(_minted-dissertation_manan_vaswani/FE13119FB084FE8BBF5FE3AB7CC89B3B4679612F5E4
B270DC0CF33EE3B3C54ED.pygtex)
\openout5 = `dissertation_manan_vaswani.pyg'.


(_minted-dissertation_manan_vaswani/BCF3CF55F7D0D5E4E5C121C9E3313EE14679612F5E4
B270DC0CF33EE3B3C54ED.pygtex)
\openout5 = `dissertation_manan_vaswani.pyg'.


(_minted-dissertation_manan_vaswani/2FC816C1E3F52A81DF5B5B64D7BE16C54679612F5E4
B270DC0CF33EE3B3C54ED.pygtex)
\openout5 = `dissertation_manan_vaswani.pyg'.


(_minted-dissertation_manan_vaswani/8537FF3395FAE990908F8479B62586784679612F5E4
B270DC0CF33EE3B3C54ED.pygtex)
\openout5 = `dissertation_manan_vaswani.pyg'.


(_minted-dissertation_manan_vaswani/DDD5752B5FE66FD98FB9DCDEE48B44734679612F5E4
B270DC0CF33EE3B3C54ED.pygtex)
\openout5 = `dissertation_manan_vaswani.pyg'.


(_minted-dissertation_manan_vaswani/F5302386464F953ED581EDAC03556E554679612F5E4
B270DC0CF33EE3B3C54ED.pygtex)
\openout5 = `dissertation_manan_vaswani.pyg'.


(_minted-dissertation_manan_vaswani/DDD5752B5FE66FD98FB9DCDEE48B44734679612F5E4
B270DC0CF33EE3B3C54ED.pygtex)
\openout5 = `dissertation_manan_vaswani.pyg'.


(_minted-dissertation_manan_vaswani/304D82C0867E556F1B5E676E0D11F5204679612F5E4
B270DC0CF33EE3B3C54ED.pygtex)
\openout5 = `dissertation_manan_vaswani.pyg'.


(_minted-dissertation_manan_vaswani/E29311F6F1BF1AF907F9EF9F44B8328B4679612F5E4
B270DC0CF33EE3B3C54ED.pygtex)
\openout5 = `dissertation_manan_vaswani.pyg'.


(_minted-dissertation_manan_vaswani/74D9A83219CABAAB06A69FD318873F334679612F5E4
B270DC0CF33EE3B3C54ED.pygtex)
\openout5 = `dissertation_manan_vaswani.pyg'.


(_minted-dissertation_manan_vaswani/D42F2DA1DF5ECDF29BE4AC27EDDA0C124679612F5E4
B270DC0CF33EE3B3C54ED.pygtex)
\openout4 = `dissertation_manan_vaswani.pyg'.


(_minted-dissertation_manan_vaswani/4FFB2384F093FD721F4793C04F0414534679612F5E4
B270DC0CF33EE3B3C54ED.pygtex [17])
\openout5 = `dissertation_manan_vaswani.pyg'.


(_minted-dissertation_manan_vaswani/B39BFC0E26A30024C76E4DCB8A1EAE874679612F5E4
B270DC0CF33EE3B3C54ED.pygtex)
\openout5 = `dissertation_manan_vaswani.pyg'.


(_minted-dissertation_manan_vaswani/74D9A83219CABAAB06A69FD318873F334679612F5E4
B270DC0CF33EE3B3C54ED.pygtex)
\openout4 = `dissertation_manan_vaswani.pyg'.


(_minted-dissertation_manan_vaswani/81F84AD55009A2089AA6F731B2E070B34679612F5E4
B270DC0CF33EE3B3C54ED.pygtex)
\openout5 = `dissertation_manan_vaswani.pyg'.


(_minted-dissertation_manan_vaswani/9D7BF075372908F55E2D945C39E0A6134679612F5E4
B270DC0CF33EE3B3C54ED.pygtex)
\openout5 = `dissertation_manan_vaswani.pyg'.


(_minted-dissertation_manan_vaswani/9D7BF075372908F55E2D945C39E0A6134679612F5E4
B270DC0CF33EE3B3C54ED.pygtex)
\openout5 = `dissertation_manan_vaswani.pyg'.


(_minted-dissertation_manan_vaswani/E734A88A1110FA3D657454B2DD3488224679612F5E4
B270DC0CF33EE3B3C54ED.pygtex)
\openout4 = `dissertation_manan_vaswani.pyg'.


(_minted-dissertation_manan_vaswani/6413B0F40D0CEBA8D14CEA15AEAFBF194679612F5E4
B270DC0CF33EE3B3C54ED.pygtex [18])
\openout5 = `dissertation_manan_vaswani.pyg'.


(_minted-dissertation_manan_vaswani/C3BE117041A113540DEB0FF532B195434679612F5E4
B270DC0CF33EE3B3C54ED.pygtex)
\openout5 = `dissertation_manan_vaswani.pyg'.


(_minted-dissertation_manan_vaswani/B7269FA2508548E4032C455818F1E3214679612F5E4
B270DC0CF33EE3B3C54ED.pygtex)
\openout5 = `dissertation_manan_vaswani.pyg'.


(_minted-dissertation_manan_vaswani/F4D5D0C0671BE202BC241807C243E80B4679612F5E4
B270DC0CF33EE3B3C54ED.pygtex)
\openout4 = `dissertation_manan_vaswani.pyg'.


(_minted-dissertation_manan_vaswani/0C0C358F33D6518ECB442B6A9AA40DBF4679612F5E4
B270DC0CF33EE3B3C54ED.pygtex)
\openout5 = `dissertation_manan_vaswani.pyg'.


(_minted-dissertation_manan_vaswani/9D7BF075372908F55E2D945C39E0A6134679612F5E4
B270DC0CF33EE3B3C54ED.pygtex)
\openout5 = `dissertation_manan_vaswani.pyg'.


(_minted-dissertation_manan_vaswani/9D7BF075372908F55E2D945C39E0A6134679612F5E4
B270DC0CF33EE3B3C54ED.pygtex)
\openout5 = `dissertation_manan_vaswani.pyg'.


(_minted-dissertation_manan_vaswani/9D7BF075372908F55E2D945C39E0A6134679612F5E4
B270DC0CF33EE3B3C54ED.pygtex)
\openout5 = `dissertation_manan_vaswani.pyg'.


(_minted-dissertation_manan_vaswani/B39BFC0E26A30024C76E4DCB8A1EAE874679612F5E4
B270DC0CF33EE3B3C54ED.pygtex) [19]
\openout5 = `dissertation_manan_vaswani.pyg'.


(_minted-dissertation_manan_vaswani/343D1DE1BE097840816FD4705C8087B44679612F5E4
B270DC0CF33EE3B3C54ED.pygtex)
\openout5 = `dissertation_manan_vaswani.pyg'.


(_minted-dissertation_manan_vaswani/BF072E9119077B4E76437A93986787EF4679612F5E4
B270DC0CF33EE3B3C54ED.pygtex)
\openout5 = `dissertation_manan_vaswani.pyg'.


(_minted-dissertation_manan_vaswani/FE13119FB084FE8BBF5FE3AB7CC89B3B4679612F5E4
B270DC0CF33EE3B3C54ED.pygtex)
\openout5 = `dissertation_manan_vaswani.pyg'.


(_minted-dissertation_manan_vaswani/69B64623F86DEF16CE17D454B8BE41AE4679612F5E4
B270DC0CF33EE3B3C54ED.pygtex)
\openout4 = `dissertation_manan_vaswani.pyg'.


(_minted-dissertation_manan_vaswani/370D7687B08D4A711A283EA55BCC33F44679612F5E4
B270DC0CF33EE3B3C54ED.pygtex)
\openout4 = `dissertation_manan_vaswani.pyg'.


(_minted-dissertation_manan_vaswani/403C0D6547F51872C5BE2A38B6D492F74679612F5E4
B270DC0CF33EE3B3C54ED.pygtex)
\openout4 = `dissertation_manan_vaswani.pyg'.


(_minted-dissertation_manan_vaswani/70DF27D16797EFAEDCD2084C308B76AC4679612F5E4
B270DC0CF33EE3B3C54ED.pygtex [20])
\openout5 = `dissertation_manan_vaswani.pyg'.


(_minted-dissertation_manan_vaswani/43819325F93DF9433ED5CEA33D4379F04679612F5E4
B270DC0CF33EE3B3C54ED.pygtex)
\openout4 = `dissertation_manan_vaswani.pyg'.


(_minted-dissertation_manan_vaswani/6808DB35CEC9FA95D5C2128EBA5D131B4679612F5E4
B270DC0CF33EE3B3C54ED.pygtex
Overfull \hbox (63.02313pt too wide) in paragraph at lines 487--1
\OT1/cmr/m/n/10.95 submatrix of $\OML/cmm/m/it/10.95 A$ \OT1/cmr/m/n/10.95 and 
stored in an Armadillo vector, by making a call to []: 
 []

)
\openout5 = `dissertation_manan_vaswani.pyg'.


(_minted-dissertation_manan_vaswani/AF7CE4B92C721AA418FF53FC133570004679612F5E4
B270DC0CF33EE3B3C54ED.pygtex)
\openout4 = `dissertation_manan_vaswani.pyg'.


(_minted-dissertation_manan_vaswani/2C581D8B4B798C041CDA32DD44AB73194679612F5E4
B270DC0CF33EE3B3C54ED.pygtex)
\openout5 = `dissertation_manan_vaswani.pyg'.


(_minted-dissertation_manan_vaswani/58CA95C5B364C5229A72C650AD459C324679612F5E4
B270DC0CF33EE3B3C54ED.pygtex)
\openout5 = `dissertation_manan_vaswani.pyg'.


(_minted-dissertation_manan_vaswani/DD900030A4866E463B4E2DF60CF0EEB64679612F5E4
B270DC0CF33EE3B3C54ED.pygtex)
\openout5 = `dissertation_manan_vaswani.pyg'.


(_minted-dissertation_manan_vaswani/83ECB2EA82980EFB02852343D3C747AC4679612F5E4
B270DC0CF33EE3B3C54ED.pygtex)
\openout4 = `dissertation_manan_vaswani.pyg'.


(_minted-dissertation_manan_vaswani/3365B9E32D0FB7A8A84E9AC857C44E82A94FD241081
5947246E6D971BF228B41.pygtex
Overfull \hbox (29.94801pt too wide) in paragraph at lines 503--1
[] \OT1/cmr/m/n/10.95 function. Subsequently, the []
 []

[21])
<vtune_hotspots_initial.png, id=101, 1074.0125pt x 364.36125pt>
File: vtune_hotspots_initial.png Graphic file (type png)
<use vtune_hotspots_initial.png>
Package pdftex.def Info: vtune_hotspots_initial.png  used on input line 514.
(pdftex.def)             Requested size: 415.12572pt x 140.8327pt.

Overfull \hbox (0.79999pt too wide) in paragraph at lines 514--515
[][] 
 []

\openout5 = `dissertation_manan_vaswani.pyg'.


(_minted-dissertation_manan_vaswani/E941C00B6500CA59E1135FCC7DAC61544679612F5E4
B270DC0CF33EE3B3C54ED.pygtex)
\openout5 = `dissertation_manan_vaswani.pyg'.


(_minted-dissertation_manan_vaswani/91E454EBA04C1ACA45D1EF5D17C652854679612F5E4
B270DC0CF33EE3B3C54ED.pygtex)
\openout5 = `dissertation_manan_vaswani.pyg'.


(_minted-dissertation_manan_vaswani/CD89E96C15671AAE28071AE4BDE0F5DD4679612F5E4
B270DC0CF33EE3B3C54ED.pygtex) [22 <./vtune_hotspots_initial.png>]
\openout5 = `dissertation_manan_vaswani.pyg'.


(_minted-dissertation_manan_vaswani/FBB4A3B994E042CCE1DBA0E1CBA1C7AF4679612F5E4
B270DC0CF33EE3B3C54ED.pygtex)
\openout5 = `dissertation_manan_vaswani.pyg'.


(_minted-dissertation_manan_vaswani/91E454EBA04C1ACA45D1EF5D17C652854679612F5E4
B270DC0CF33EE3B3C54ED.pygtex)
\openout5 = `dissertation_manan_vaswani.pyg'.


(_minted-dissertation_manan_vaswani/9254250AC77C1A6EC7A5B6A51A7C96EE4679612F5E4
B270DC0CF33EE3B3C54ED.pygtex)
\openout5 = `dissertation_manan_vaswani.pyg'.


(_minted-dissertation_manan_vaswani/F5302386464F953ED581EDAC03556E554679612F5E4
B270DC0CF33EE3B3C54ED.pygtex)
\openout4 = `dissertation_manan_vaswani.pyg'.


(_minted-dissertation_manan_vaswani/F2C10CAA22613B4EC903975D5E0FA7B14679612F5E4
B270DC0CF33EE3B3C54ED.pygtex [23])
\openout4 = `dissertation_manan_vaswani.pyg'.


(_minted-dissertation_manan_vaswani/86B8994567EFAB4549F06911C06B3C0F4679612F5E4
B270DC0CF33EE3B3C54ED.pygtex)
\openout5 = `dissertation_manan_vaswani.pyg'.


(_minted-dissertation_manan_vaswani/F4D5D0C0671BE202BC241807C243E80B4679612F5E4
B270DC0CF33EE3B3C54ED.pygtex)
\openout5 = `dissertation_manan_vaswani.pyg'.


(_minted-dissertation_manan_vaswani/F4D5D0C0671BE202BC241807C243E80B4679612F5E4
B270DC0CF33EE3B3C54ED.pygtex)
\openout5 = `dissertation_manan_vaswani.pyg'.


(_minted-dissertation_manan_vaswani/F4D5D0C0671BE202BC241807C243E80B4679612F5E4
B270DC0CF33EE3B3C54ED.pygtex)
\openout5 = `dissertation_manan_vaswani.pyg'.


(_minted-dissertation_manan_vaswani/D42F2DA1DF5ECDF29BE4AC27EDDA0C124679612F5E4
B270DC0CF33EE3B3C54ED.pygtex)
\openout5 = `dissertation_manan_vaswani.pyg'.


(_minted-dissertation_manan_vaswani/74D9A83219CABAAB06A69FD318873F334679612F5E4
B270DC0CF33EE3B3C54ED.pygtex)
\openout5 = `dissertation_manan_vaswani.pyg'.


(_minted-dissertation_manan_vaswani/F4D5D0C0671BE202BC241807C243E80B4679612F5E4
B270DC0CF33EE3B3C54ED.pygtex)
\openout4 = `dissertation_manan_vaswani.pyg'.


(_minted-dissertation_manan_vaswani/2F28123BE7D65FC3719156BD534322D74679612F5E4
B270DC0CF33EE3B3C54ED.pygtex [24])
\openout4 = `dissertation_manan_vaswani.pyg'.


(_minted-dissertation_manan_vaswani/19ABB95F684871BAF6B057B74A0330AB4679612F5E4
B270DC0CF33EE3B3C54ED.pygtex) [25]
\openout5 = `dissertation_manan_vaswani.pyg'.


(_minted-dissertation_manan_vaswani/1F99C3314DED63E70A066162CE456E1D4679612F5E4
B270DC0CF33EE3B3C54ED.pygtex)
\openout5 = `dissertation_manan_vaswani.pyg'.


(_minted-dissertation_manan_vaswani/EF08968D291DB9C712F42508E909FD754679612F5E4
B270DC0CF33EE3B3C54ED.pygtex)
\openout4 = `dissertation_manan_vaswani.pyg'.


(_minted-dissertation_manan_vaswani/BD2B4E573D5A641A666C5284FD26C2284679612F5E4
B270DC0CF33EE3B3C54ED.pygtex)
\openout5 = `dissertation_manan_vaswani.pyg'.


(_minted-dissertation_manan_vaswani/B39BFC0E26A30024C76E4DCB8A1EAE874679612F5E4
B270DC0CF33EE3B3C54ED.pygtex)
\openout5 = `dissertation_manan_vaswani.pyg'.


(_minted-dissertation_manan_vaswani/9D7BF075372908F55E2D945C39E0A6134679612F5E4
B270DC0CF33EE3B3C54ED.pygtex)
\openout5 = `dissertation_manan_vaswani.pyg'.


(_minted-dissertation_manan_vaswani/B5DC35017540AB2283655A7F67F78E2F4679612F5E4
B270DC0CF33EE3B3C54ED.pygtex)
\openout4 = `dissertation_manan_vaswani.pyg'.


(_minted-dissertation_manan_vaswani/68FFD4BC5D282C9D1047CF02444CAD5D4679612F5E4
B270DC0CF33EE3B3C54ED.pygtex) [26]
Overfull \hbox (11.94508pt too wide) in paragraph at lines 627--628
\OT1/cmr/m/n/10.95 systems using processors that support Intel architectures. T
he Intel compiler automatically
 []


Overfull \hbox (8.09233pt too wide) in paragraph at lines 627--628
\OT1/cmr/m/n/10.95 up standard operations by performing them simultaneously usi
ng the processors hardware.
 []

\openout5 = `dissertation_manan_vaswani.pyg'.


(_minted-dissertation_manan_vaswani/0EEB9037121F451B1DC41FB6C27FFF7FA94FD241081
5947246E6D971BF228B41.pygtex)
\openout5 = `dissertation_manan_vaswani.pyg'.


(_minted-dissertation_manan_vaswani/5E4E9973CA77A56F692A8DD4D00E68C9A94FD241081
5947246E6D971BF228B41.pygtex)
\openout5 = `dissertation_manan_vaswani.pyg'.


(_minted-dissertation_manan_vaswani/0EEB9037121F451B1DC41FB6C27FFF7FA94FD241081
5947246E6D971BF228B41.pygtex)
\openout5 = `dissertation_manan_vaswani.pyg'.


(_minted-dissertation_manan_vaswani/279528005957EEBE23DCEE256F1328BCA94FD241081
5947246E6D971BF228B41.pygtex)
\openout5 = `dissertation_manan_vaswani.pyg'.


(_minted-dissertation_manan_vaswani/E56D4E9F421E07016AD2D95D966096A7A94FD241081
5947246E6D971BF228B41.pygtex)
\openout5 = `dissertation_manan_vaswani.pyg'.


(_minted-dissertation_manan_vaswani/582D0988CAE9FE53D8A1E300504F5618A94FD241081
5947246E6D971BF228B41.pygtex)
\openout5 = `dissertation_manan_vaswani.pyg'.


(_minted-dissertation_manan_vaswani/C0DC1A097E3E17B99CBC2F3B3A86A2BBA94FD241081
5947246E6D971BF228B41.pygtex)
\openout5 = `dissertation_manan_vaswani.pyg'.


(_minted-dissertation_manan_vaswani/48CC55C85D3BD2F71D2CFAF3876AAE78A94FD241081
5947246E6D971BF228B41.pygtex)
Overfull \hbox (23.99998pt too wide) in paragraph at lines 634--647
 [][] 
 []


LaTeX Warning: `!h' float specifier changed to `!ht'.

\openout5 = `dissertation_manan_vaswani.pyg'.


(_minted-dissertation_manan_vaswani/279528005957EEBE23DCEE256F1328BCA94FD241081
5947246E6D971BF228B41.pygtex)
\openout5 = `dissertation_manan_vaswani.pyg'.


(_minted-dissertation_manan_vaswani/5E4E9973CA77A56F692A8DD4D00E68C9A94FD241081
5947246E6D971BF228B41.pygtex)
\openout5 = `dissertation_manan_vaswani.pyg'.


(_minted-dissertation_manan_vaswani/279528005957EEBE23DCEE256F1328BCA94FD241081
5947246E6D971BF228B41.pygtex)
Underfull \hbox (badness 2334) in paragraph at lines 656--657
\OT1/cmr/m/n/10.95 compiler vectorisation, and aggressive loop transformations
 []

\openout5 = `dissertation_manan_vaswani.pyg'.


(_minted-dissertation_manan_vaswani/AD4B4546CB4EB05C1420B6A4F5BA39B5A94FD241081
5947246E6D971BF228B41.pygtex)
Overfull \hbox (23.99998pt too wide) in paragraph at lines 652--661
 [][] 
 []


LaTeX Warning: `!h' float specifier changed to `!ht'.

\openout5 = `dissertation_manan_vaswani.pyg'.


(_minted-dissertation_manan_vaswani/BFDD14487827B806DFC0B0E3C5E38A54085B2918422
5E76D63475C13C465AC61.pygtex)
Overfull \hbox (2.9823pt too wide) in paragraph at lines 665--666
\OT1/cmr/m/n/10.95 We tested out the above implementation at each stage on the 
Blue Crystal supercomputer
 []

[27] [28]
<Graphs/org_log.png, id=125, 462.528pt x 346.896pt>
File: Graphs/org_log.png Graphic file (type png)
<use Graphs/org_log.png>
Package pdftex.def Info: Graphs/org_log.png  used on input line 674.
(pdftex.def)             Requested size: 273.75069pt x 205.32321pt.
\openout5 = `dissertation_manan_vaswani.pyg'.


(_minted-dissertation_manan_vaswani/701D24185B3A6F1E1779CB6F95BFDF03A94FD241081
5947246E6D971BF228B41.pygtex)
\openout5 = `dissertation_manan_vaswani.pyg'.


(_minted-dissertation_manan_vaswani/582D0988CAE9FE53D8A1E300504F5618A94FD241081
5947246E6D971BF228B41.pygtex)
\openout5 = `dissertation_manan_vaswani.pyg'.


(_minted-dissertation_manan_vaswani/0EEB9037121F451B1DC41FB6C27FFF7FA94FD241081
5947246E6D971BF228B41.pygtex)
\openout5 = `dissertation_manan_vaswani.pyg'.


(_minted-dissertation_manan_vaswani/0EEB9037121F451B1DC41FB6C27FFF7FA94FD241081
5947246E6D971BF228B41.pygtex) [29 <./Graphs/org_log.png>]
<Graphs/gcc_flags_log.png, id=130, 537.6888pt x 424.2249pt>
File: Graphs/gcc_flags_log.png Graphic file (type png)
<use Graphs/gcc_flags_log.png>
Package pdftex.def Info: Graphs/gcc_flags_log.png  used on input line 686.
(pdftex.def)             Requested size: 273.75069pt x 215.9958pt.
<vtune_hotspots_Ofast.png, id=131, 1166.3575pt x 376.40625pt>
File: vtune_hotspots_Ofast.png Graphic file (type png)
<use vtune_hotspots_Ofast.png>
Package pdftex.def Info: vtune_hotspots_Ofast.png  used on input line 693.
(pdftex.def)             Requested size: 415.12572pt x 133.96689pt.

Overfull \hbox (0.79999pt too wide) in paragraph at lines 693--694
 [][] 
 []

<Graphs/intel_flags_log.png, id=132, 529.0164pt x 396.0396pt>
File: Graphs/intel_flags_log.png Graphic file (type png)
<use Graphs/intel_flags_log.png>
Package pdftex.def Info: Graphs/intel_flags_log.png  used on input line 702.
(pdftex.def)             Requested size: 273.75069pt x 204.94466pt.
<Graphs/gcc_threads_log.png, id=133, 740.7675pt x 479.8728pt>
File: Graphs/gcc_threads_log.png Graphic file (type png)
<use Graphs/gcc_threads_log.png>
Package pdftex.def Info: Graphs/gcc_threads_log.png  used on input line 713.
(pdftex.def)             Requested size: 273.75069pt x 177.3378pt.
[30 <./Graphs/gcc_flags_log.png>] [31 <./vtune_hotspots_Ofast.png> <./Graphs/in
tel_flags_log.png>]
<Graphs/intel_threads_log.png, id=144, 462.528pt x 346.896pt>
File: Graphs/intel_threads_log.png Graphic file (type png)
<use Graphs/intel_threads_log.png>
Package pdftex.def Info: Graphs/intel_threads_log.png  used on input line 720.
(pdftex.def)             Requested size: 273.75069pt x 205.32321pt.
<Graphs/threadCurve_log.png, id=145, 520.344pt x 388.0899pt>
File: Graphs/threadCurve_log.png Graphic file (type png)
<use Graphs/threadCurve_log.png>
Package pdftex.def Info: Graphs/threadCurve_log.png  used on input line 728.
(pdftex.def)             Requested size: 273.75069pt x 204.18253pt.
<Graphs/fastest_linear.png, id=146, 462.528pt x 346.896pt>
File: Graphs/fastest_linear.png Graphic file (type png)
<use Graphs/fastest_linear.png>
Package pdftex.def Info: Graphs/fastest_linear.png  used on input line 756.
(pdftex.def)             Requested size: 273.75069pt x 205.32321pt.
 [32 <./Graphs/gcc_threads_log.png>] [33 <./Graphs/intel_threads_log.png> <./Gr
aphs/threadCurve_log.png>] (dissertation_manan_vaswani.bbl
[34 <./Graphs/fastest_linear.png>] [35] [36]
Underfull \hbox (badness 6284) in paragraph at lines 213--216
[]\OT1/cmr/m/n/10.95 Intel Software.  Intel vtune amplifier 2018.  Software ava
ilable at
 []

) [37] (dissertation_manan_vaswani.aux)

LaTeX Warning: Label(s) may have changed. Rerun to get cross-references right.

runsystem(rm dissertation_manan_vaswani.pyg)...executed.

 ) 
Here is how much of TeX's memory you used:
 21700 strings out of 494857
 456108 string characters out of 3176125
 516243 words of memory out of 3000000
 24598 multiletter control sequences out of 15000+200000
 17355 words of font info for 67 fonts, out of 3000000 for 9000
 0 hyphenation exceptions out of 8191
 55i,13n,68p,1828b,513s stack positions out of 5000i,500n,10000p,200000b,50000s
 </Users/mananvaswani/Library/Application Support/MiKTeX/texmfs/data/fonts/pk
/ljfour/jknappen/ec/dpi600/tcrm1095.pk></Users/mananvaswani/Library/Application
 Support/MiKTeX/texmfs/install/fonts/type1/public/amsfonts/cm/cmbx10.pfb></User
s/mananvaswani/Library/Application Support/MiKTeX/texmfs/install/fonts/type1/pu
blic/amsfonts/cm/cmbx12.pfb></Users/mananvaswani/Library/Application Support/Mi
KTeX/texmfs/install/fonts/type1/public/amsfonts/cm/cmbx8.pfb></Users/mananvaswa
ni/Library/Application Support/MiKTeX/texmfs/install/fonts/type1/public/amsfont
s/cm/cmex10.pfb></Users/mananvaswani/Library/Application Support/MiKTeX/texmfs/
install/fonts/type1/public/amsfonts/cm/cmitt10.pfb></Users/mananvaswani/Library
/Application Support/MiKTeX/texmfs/install/fonts/type1/public/amsfonts/cm/cmmi1
0.pfb></Users/mananvaswani/Library/Application Support/MiKTeX/texmfs/install/fo
nts/type1/public/amsfonts/cm/cmmi6.pfb></Users/mananvaswani/Library/Application
 Support/MiKTeX/texmfs/install/fonts/type1/public/amsfonts/cm/cmmi8.pfb></Users
/mananvaswani/Library/Application Support/MiKTeX/texmfs/install/fonts/type1/pub
lic/amsfonts/cm/cmr10.pfb></Users/mananvaswani/Library/Application Support/MiKT
eX/texmfs/install/fonts/type1/public/amsfonts/cm/cmr12.pfb></Users/mananvaswani
/Library/Application Support/MiKTeX/texmfs/install/fonts/type1/public/amsfonts/
cm/cmr17.pfb></Users/mananvaswani/Library/Application Support/MiKTeX/texmfs/ins
tall/fonts/type1/public/amsfonts/cm/cmr6.pfb></Users/mananvaswani/Library/Appli
cation Support/MiKTeX/texmfs/install/fonts/type1/public/amsfonts/cm/cmr8.pfb></
Users/mananvaswani/Library/Application Support/MiKTeX/texmfs/install/fonts/type
1/public/amsfonts/cm/cmr9.pfb></Users/mananvaswani/Library/Application Support/
MiKTeX/texmfs/install/fonts/type1/public/amsfonts/cm/cmss10.pfb></Users/mananva
swani/Library/Application Support/MiKTeX/texmfs/install/fonts/type1/public/amsf
onts/cm/cmss8.pfb></Users/mananvaswani/Library/Application Support/MiKTeX/texmf
s/install/fonts/type1/public/amsfonts/cm/cmsy10.pfb></Users/mananvaswani/Librar
y/Application Support/MiKTeX/texmfs/install/fonts/type1/public/amsfonts/cm/cmsy
6.pfb></Users/mananvaswani/Library/Application Support/MiKTeX/texmfs/install/fo
nts/type1/public/amsfonts/cm/cmsy8.pfb></Users/mananvaswani/Library/Application
 Support/MiKTeX/texmfs/install/fonts/type1/public/amsfonts/cm/cmti10.pfb></User
s/mananvaswani/Library/Application Support/MiKTeX/texmfs/install/fonts/type1/pu
blic/amsfonts/cm/cmtt10.pfb></Users/mananvaswani/Library/Application Support/Mi
KTeX/texmfs/install/fonts/type1/public/amsfonts/cm/cmtt12.pfb></Users/mananvasw
ani/Library/Application Support/MiKTeX/texmfs/install/fonts/type1/public/amsfon
ts/symbols/msbm10.pfb>
Output written on dissertation_manan_vaswani.pdf (38 pages, 1144305 bytes).
PDF statistics:
 247 PDF objects out of 1000 (max. 8388607)
 0 named destinations out of 1000 (max. 500000)
 63 words of extra memory for PDF output out of 10000 (max. 10000000)

